c:\users\alex\documents\visual studio 2012\projects\c++\pointeri\pointeri\debug\pointeri.pch
c:\users\alex\documents\visual studio 2012\projects\c++\pointeri\pointeri\debug\stdafx.obj
c:\users\alex\documents\visual studio 2012\projects\c++\pointeri\pointeri\debug\vc110.pdb
c:\users\alex\documents\visual studio 2012\projects\c++\pointeri\pointeri\debug\pointeri.obj
c:\users\alex\documents\visual studio 2012\projects\c++\pointeri\debug\pointeri.ilk
c:\users\alex\documents\visual studio 2012\projects\c++\pointeri\debug\pointeri.exe
c:\users\alex\documents\visual studio 2012\projects\c++\pointeri\debug\pointeri.pdb
c:\users\alexandru\documents\visual studio 2013\projects\c++\pointeri\pointeri\debug\pointeri.obj
c:\users\alexandru\documents\visual studio 2013\projects\c++\pointeri\pointeri\debug\stdafx.obj
c:\users\alexandru\documents\visual studio 2013\projects\c++\pointeri\pointeri\debug\cl.command.1.tlog
c:\users\alexandru\documents\visual studio 2013\projects\c++\pointeri\pointeri\debug\cl.read.1.tlog
c:\users\alexandru\documents\visual studio 2013\projects\c++\pointeri\pointeri\debug\cl.write.1.tlog
c:\users\alexandru\documents\visual studio 2013\projects\c++\pointeri\pointeri\debug\link-cvtres.read.1.tlog
c:\users\alexandru\documents\visual studio 2013\projects\c++\pointeri\pointeri\debug\link-cvtres.write.1.tlog
c:\users\alexandru\documents\visual studio 2013\projects\c++\pointeri\pointeri\debug\link-rc.read.1.tlog
c:\users\alexandru\documents\visual studio 2013\projects\c++\pointeri\pointeri\debug\link-rc.write.1.tlog
c:\users\alexandru\documents\visual studio 2013\projects\c++\pointeri\pointeri\debug\link.command.1.tlog
c:\users\alexandru\documents\visual studio 2013\projects\c++\pointeri\pointeri\debug\link.read.1.tlog
c:\users\alexandru\documents\visual studio 2013\projects\c++\pointeri\pointeri\debug\link.write.1.tlog
c:\users\alexandru\documents\visual studio 2013\projects\c++\pointeri\pointeri\debug\pointeri.pch
c:\users\alexandru\documents\visual studio 2013\projects\c++\pointeri\pointeri\debug\vc110.idb
c:\users\alexandru\documents\visual studio 2013\projects\c++\pointeri\pointeri\debug\vc110.pdb
c:\users\alexandru\documents\visual studio 2013\projects\c++\pointeri\debug\pointeri.pdb
c:\users\alexandru\documents\visual studio 2013\projects\c++\pointeri\debug\pointeri.exe
c:\users\alexandru\documents\visual studio 2013\projects\c++\pointeri\debug\pointeri.ilk
