C:\USERS\ALEXANDRU DINU\DOCUMENTS\VISUAL STUDIO 2010\PROJECTS\C++\BACKTRACKING\COMBINARI RECURSIV\COMBINARI RECURSIV\DEBUG\COMBINARI RECURSIV.PCH
C:\USERS\ALEXANDRU DINU\DOCUMENTS\VISUAL STUDIO 2010\PROJECTS\C++\BACKTRACKING\COMBINARI RECURSIV\COMBINARI RECURSIV\DEBUG\STDAFX.OBJ
C:\USERS\ALEXANDRU DINU\DOCUMENTS\VISUAL STUDIO 2010\PROJECTS\C++\BACKTRACKING\COMBINARI RECURSIV\COMBINARI RECURSIV\DEBUG\VC100.PDB
C:\USERS\ALEXANDRU DINU\DOCUMENTS\VISUAL STUDIO 2010\PROJECTS\C++\BACKTRACKING\COMBINARI RECURSIV\COMBINARI RECURSIV\DEBUG\COMBINARI RECURSIV.OBJ
C:\USERS\ALEXANDRU DINU\DOCUMENTS\VISUAL STUDIO 2010\PROJECTS\C++\BACKTRACKING\COMBINARI RECURSIV\COMBINARI RECURSIV\DEBUG\ASSEMBLYINFO.OBJ
C:\USERS\ALEXANDRU DINU\DOCUMENTS\VISUAL STUDIO 2010\PROJECTS\C++\BACKTRACKING\COMBINARI RECURSIV\COMBINARI RECURSIV\DEBUG\.NETFRAMEWORK,VERSION=V4.0.ASSEMBLYATTRIBUTES.OBJ
C:\USERS\ALEX\DOCUMENTS\VISUAL STUDIO 2012\PROJECTS\C++\BACKTRACKING\COMBINARI RECURSIV\COMBINARI RECURSIV\DEBUG\COMBINARI RECURSIV.PCH
C:\USERS\ALEX\DOCUMENTS\VISUAL STUDIO 2012\PROJECTS\C++\BACKTRACKING\COMBINARI RECURSIV\COMBINARI RECURSIV\DEBUG\STDAFX.OBJ
C:\USERS\ALEX\DOCUMENTS\VISUAL STUDIO 2012\PROJECTS\C++\BACKTRACKING\COMBINARI RECURSIV\COMBINARI RECURSIV\DEBUG\VC110.PDB
C:\USERS\ALEX\DOCUMENTS\VISUAL STUDIO 2012\PROJECTS\C++\BACKTRACKING\COMBINARI RECURSIV\COMBINARI RECURSIV\DEBUG\COMBINARI RECURSIV.OBJ
C:\USERS\ALEX\DOCUMENTS\VISUAL STUDIO 2012\PROJECTS\C++\BACKTRACKING\COMBINARI RECURSIV\COMBINARI RECURSIV\DEBUG\ASSEMBLYINFO.OBJ
C:\USERS\ALEX\DOCUMENTS\VISUAL STUDIO 2012\PROJECTS\C++\BACKTRACKING\COMBINARI RECURSIV\COMBINARI RECURSIV\DEBUG\.NETFRAMEWORK,VERSION=V4.5.ASSEMBLYATTRIBUTES.OBJ
C:\USERS\ALEXANDRU DINU\DOCUMENTS\VISUAL STUDIO 2010\PROJECTS\C++\BACKTRACKING\COMBINARI RECURSIV\DEBUG\COMBINARI RECURSIV.ILK
C:\USERS\ALEXANDRU DINU\DOCUMENTS\VISUAL STUDIO 2010\PROJECTS\C++\BACKTRACKING\COMBINARI RECURSIV\DEBUG\COMBINARI RECURSIV.EXE
C:\USERS\ALEXANDRU DINU\DOCUMENTS\VISUAL STUDIO 2010\PROJECTS\C++\BACKTRACKING\COMBINARI RECURSIV\COMBINARI RECURSIV\DEBUG\COMBINARI RECURSIV.EXE.INTERMEDIATE.MANIFEST
C:\USERS\ALEXANDRU DINU\DOCUMENTS\VISUAL STUDIO 2010\PROJECTS\C++\BACKTRACKING\COMBINARI RECURSIV\DEBUG\COMBINARI RECURSIV.PDB
C:\USERS\ALEX\DOCUMENTS\VISUAL STUDIO 2012\PROJECTS\C++\BACKTRACKING\COMBINARI RECURSIV\COMBINARI RECURSIV\DEBUG\METAGEN.WRITE.1.TLOG
C:\USERS\ALEXANDRU DINU\DOCUMENTS\VISUAL STUDIO 2010\PROJECTS\C++\BACKTRACKING\COMBINARI RECURSIV\COMBINARI RECURSIV\DEBUG\APP.RES
C:\USERS\ALEX\DOCUMENTS\VISUAL STUDIO 2012\PROJECTS\C++\BACKTRACKING\COMBINARI RECURSIV\COMBINARI RECURSIV\DEBUG\APP.RES
C:\Users\Alex\Documents\Visual Studio 2012\Projects\C++\Backtracking\Combinari recursiv\Combinari recursiv\Debug\Combinari recursiv.vcxprojResolveAssemblyReference.cache
C:\Users\Alex\Documents\Visual Studio 2012\Projects\C++\Backtracking\Combinari recursiv\Combinari recursiv\Debug\.NETFramework,Version=v4.0.AssemblyAttributes.obj
C:\Users\Alex\Documents\Visual Studio 2012\Projects\C++\Backtracking\Combinari recursiv\Combinari recursiv\Debug\.NETFramework,Version=v4.5.AssemblyAttributes.obj
C:\Users\Alex\Documents\Visual Studio 2012\Projects\C++\Backtracking\Combinari recursiv\Combinari recursiv\Debug\AssemblyInfo.obj
C:\Users\Alex\Documents\Visual Studio 2012\Projects\C++\Backtracking\Combinari recursiv\Combinari recursiv\Debug\Combinari recursiv.obj
C:\Users\Alex\Documents\Visual Studio 2012\Projects\C++\Backtracking\Combinari recursiv\Combinari recursiv\Debug\stdafx.obj
C:\Users\Alex\Documents\Visual Studio 2012\Projects\C++\Backtracking\Combinari recursiv\Combinari recursiv\Debug\cl.command.1.tlog
C:\Users\Alex\Documents\Visual Studio 2012\Projects\C++\Backtracking\Combinari recursiv\Combinari recursiv\Debug\CL.read.1.tlog
C:\Users\Alex\Documents\Visual Studio 2012\Projects\C++\Backtracking\Combinari recursiv\Combinari recursiv\Debug\CL.write.1.tlog
C:\Users\Alex\Documents\Visual Studio 2012\Projects\C++\Backtracking\Combinari recursiv\Combinari recursiv\Debug\Combinari recursiv.write.1.tlog
C:\Users\Alex\Documents\Visual Studio 2012\Projects\C++\Backtracking\Combinari recursiv\Combinari recursiv\Debug\link.11104-cvtres.read.1.tlog
C:\Users\Alex\Documents\Visual Studio 2012\Projects\C++\Backtracking\Combinari recursiv\Combinari recursiv\Debug\link.11104-cvtres.write.1.tlog
C:\Users\Alex\Documents\Visual Studio 2012\Projects\C++\Backtracking\Combinari recursiv\Combinari recursiv\Debug\link.11104.read.1.tlog
C:\Users\Alex\Documents\Visual Studio 2012\Projects\C++\Backtracking\Combinari recursiv\Combinari recursiv\Debug\link.11104.write.1.tlog
C:\Users\Alex\Documents\Visual Studio 2012\Projects\C++\Backtracking\Combinari recursiv\Combinari recursiv\Debug\link.12192-cvtres.read.1.tlog
C:\Users\Alex\Documents\Visual Studio 2012\Projects\C++\Backtracking\Combinari recursiv\Combinari recursiv\Debug\link.12192-cvtres.write.1.tlog
C:\Users\Alex\Documents\Visual Studio 2012\Projects\C++\Backtracking\Combinari recursiv\Combinari recursiv\Debug\link.12192.read.1.tlog
C:\Users\Alex\Documents\Visual Studio 2012\Projects\C++\Backtracking\Combinari recursiv\Combinari recursiv\Debug\link.12192.write.1.tlog
C:\Users\Alex\Documents\Visual Studio 2012\Projects\C++\Backtracking\Combinari recursiv\Combinari recursiv\Debug\link.4700-cvtres.read.1.tlog
C:\Users\Alex\Documents\Visual Studio 2012\Projects\C++\Backtracking\Combinari recursiv\Combinari recursiv\Debug\link.4700-cvtres.write.1.tlog
C:\Users\Alex\Documents\Visual Studio 2012\Projects\C++\Backtracking\Combinari recursiv\Combinari recursiv\Debug\link.4700.read.1.tlog
C:\Users\Alex\Documents\Visual Studio 2012\Projects\C++\Backtracking\Combinari recursiv\Combinari recursiv\Debug\link.4700.write.1.tlog
C:\Users\Alex\Documents\Visual Studio 2012\Projects\C++\Backtracking\Combinari recursiv\Combinari recursiv\Debug\link.820-cvtres.read.1.tlog
C:\Users\Alex\Documents\Visual Studio 2012\Projects\C++\Backtracking\Combinari recursiv\Combinari recursiv\Debug\link.820-cvtres.write.1.tlog
C:\Users\Alex\Documents\Visual Studio 2012\Projects\C++\Backtracking\Combinari recursiv\Combinari recursiv\Debug\link.820-rc.read.1.tlog
C:\Users\Alex\Documents\Visual Studio 2012\Projects\C++\Backtracking\Combinari recursiv\Combinari recursiv\Debug\link.820-rc.write.1.tlog
C:\Users\Alex\Documents\Visual Studio 2012\Projects\C++\Backtracking\Combinari recursiv\Combinari recursiv\Debug\link.820.read.1.tlog
C:\Users\Alex\Documents\Visual Studio 2012\Projects\C++\Backtracking\Combinari recursiv\Combinari recursiv\Debug\link.820.write.1.tlog
C:\Users\Alex\Documents\Visual Studio 2012\Projects\C++\Backtracking\Combinari recursiv\Combinari recursiv\Debug\link.9440-cvtres.read.1.tlog
C:\Users\Alex\Documents\Visual Studio 2012\Projects\C++\Backtracking\Combinari recursiv\Combinari recursiv\Debug\link.9440-cvtres.write.1.tlog
C:\Users\Alex\Documents\Visual Studio 2012\Projects\C++\Backtracking\Combinari recursiv\Combinari recursiv\Debug\link.9440.read.1.tlog
C:\Users\Alex\Documents\Visual Studio 2012\Projects\C++\Backtracking\Combinari recursiv\Combinari recursiv\Debug\link.9440.write.1.tlog
C:\Users\Alex\Documents\Visual Studio 2012\Projects\C++\Backtracking\Combinari recursiv\Combinari recursiv\Debug\link.9652-cvtres.read.1.tlog
C:\Users\Alex\Documents\Visual Studio 2012\Projects\C++\Backtracking\Combinari recursiv\Combinari recursiv\Debug\link.9652-cvtres.write.1.tlog
C:\Users\Alex\Documents\Visual Studio 2012\Projects\C++\Backtracking\Combinari recursiv\Combinari recursiv\Debug\link.9652.read.1.tlog
C:\Users\Alex\Documents\Visual Studio 2012\Projects\C++\Backtracking\Combinari recursiv\Combinari recursiv\Debug\link.9652.write.1.tlog
C:\Users\Alex\Documents\Visual Studio 2012\Projects\C++\Backtracking\Combinari recursiv\Combinari recursiv\Debug\link.9760-cvtres.read.1.tlog
C:\Users\Alex\Documents\Visual Studio 2012\Projects\C++\Backtracking\Combinari recursiv\Combinari recursiv\Debug\link.9760-cvtres.write.1.tlog
C:\Users\Alex\Documents\Visual Studio 2012\Projects\C++\Backtracking\Combinari recursiv\Combinari recursiv\Debug\link.9760.read.1.tlog
C:\Users\Alex\Documents\Visual Studio 2012\Projects\C++\Backtracking\Combinari recursiv\Combinari recursiv\Debug\link.9760.write.1.tlog
C:\Users\Alex\Documents\Visual Studio 2012\Projects\C++\Backtracking\Combinari recursiv\Combinari recursiv\Debug\link.command.1.tlog
C:\Users\Alex\Documents\Visual Studio 2012\Projects\C++\Backtracking\Combinari recursiv\Combinari recursiv\Debug\link.read.1.tlog
C:\Users\Alex\Documents\Visual Studio 2012\Projects\C++\Backtracking\Combinari recursiv\Combinari recursiv\Debug\link.write.1.tlog
C:\Users\Alex\Documents\Visual Studio 2012\Projects\C++\Backtracking\Combinari recursiv\Combinari recursiv\Debug\metagen.read.1.tlog
C:\Users\Alex\Documents\Visual Studio 2012\Projects\C++\Backtracking\Combinari recursiv\Combinari recursiv\Debug\metagen.write.1.tlog
C:\Users\Alex\Documents\Visual Studio 2012\Projects\C++\Backtracking\Combinari recursiv\Combinari recursiv\Debug\mt.command.1.tlog
C:\Users\Alex\Documents\Visual Studio 2012\Projects\C++\Backtracking\Combinari recursiv\Combinari recursiv\Debug\mt.read.1.tlog
C:\Users\Alex\Documents\Visual Studio 2012\Projects\C++\Backtracking\Combinari recursiv\Combinari recursiv\Debug\mt.write.1.tlog
C:\Users\Alex\Documents\Visual Studio 2012\Projects\C++\Backtracking\Combinari recursiv\Combinari recursiv\Debug\rc.command.1.tlog
C:\Users\Alex\Documents\Visual Studio 2012\Projects\C++\Backtracking\Combinari recursiv\Combinari recursiv\Debug\rc.read.1.tlog
C:\Users\Alex\Documents\Visual Studio 2012\Projects\C++\Backtracking\Combinari recursiv\Combinari recursiv\Debug\rc.write.1.tlog
C:\Users\Alex\Documents\Visual Studio 2012\Projects\C++\Backtracking\Combinari recursiv\Combinari recursiv\Debug\Combinari recursiv.exe.intermediate.manifest
C:\Users\Alex\Documents\Visual Studio 2012\Projects\C++\Backtracking\Combinari recursiv\Combinari recursiv\Debug\app.res
C:\Users\Alex\Documents\Visual Studio 2012\Projects\C++\Backtracking\Combinari recursiv\Combinari recursiv\Debug\Combinari recursiv.pch
C:\Users\Alex\Documents\Visual Studio 2012\Projects\C++\Backtracking\Combinari recursiv\Combinari recursiv\Debug\vc100.pdb
C:\Users\Alex\Documents\Visual Studio 2012\Projects\C++\Backtracking\Combinari recursiv\Combinari recursiv\Debug\vc110.pdb
C:\Users\Alex\Documents\Visual Studio 2012\Projects\C++\Backtracking\Combinari recursiv\Combinari recursiv\Debug\MICROSOFT.VISUALC.DLL.metagen
C:\Users\Alex\Documents\Visual Studio 2012\Projects\C++\Backtracking\Combinari recursiv\Combinari recursiv\Debug\SYSTEM.CORE.DLL.metagen
C:\Users\Alex\Documents\Visual Studio 2012\Projects\C++\Backtracking\Combinari recursiv\Combinari recursiv\Debug\SYSTEM.DATA.DLL.metagen
C:\Users\Alex\Documents\Visual Studio 2012\Projects\C++\Backtracking\Combinari recursiv\Combinari recursiv\Debug\SYSTEM.DLL.metagen
C:\Users\Alex\Documents\Visual Studio 2012\Projects\C++\Backtracking\Combinari recursiv\Combinari recursiv\Debug\SYSTEM.XML.DLL.metagen
C:\Users\Alex\Documents\Visual Studio 2012\Projects\C++\Backtracking\Combinari recursiv\Combinari recursiv\Debug\RSAENH.DLL.bi
C:\Users\Alex\Documents\Visual Studio 2012\Projects\C++\Backtracking\Combinari recursiv\Combinari recursiv\Debug\TZRES.DLL.bi
C:\Users\Alex\Documents\Visual Studio 2012\Projects\C++\Backtracking\Combinari recursiv\Debug\Combinari recursiv.pdb
C:\Users\Alex\Documents\Visual Studio 2012\Projects\C++\Backtracking\Combinari recursiv\Debug\Combinari recursiv.ilk
