C:\USERS\ALEXANDRU DINU\DOCUMENTS\VISUAL STUDIO 2010\PROJECTS\TURNURILE DIN HANOI\TURNURILE DIN HANOI\DEBUG\TURNURILE DIN HANOI.PCH
C:\USERS\ALEXANDRU DINU\DOCUMENTS\VISUAL STUDIO 2010\PROJECTS\TURNURILE DIN HANOI\TURNURILE DIN HANOI\DEBUG\STDAFX.OBJ
C:\USERS\ALEXANDRU DINU\DOCUMENTS\VISUAL STUDIO 2010\PROJECTS\TURNURILE DIN HANOI\TURNURILE DIN HANOI\DEBUG\VC100.PDB
C:\USERS\ALEXANDRU DINU\DOCUMENTS\VISUAL STUDIO 2010\PROJECTS\TURNURILE DIN HANOI\TURNURILE DIN HANOI\DEBUG\ASSEMBLYINFO.OBJ
C:\USERS\ALEXANDRU DINU\DOCUMENTS\VISUAL STUDIO 2010\PROJECTS\TURNURILE DIN HANOI\TURNURILE DIN HANOI\DEBUG\.NETFRAMEWORK,VERSION=V4.0.ASSEMBLYATTRIBUTES.OBJ
C:\USERS\ALEXANDRU DINU\DOCUMENTS\VISUAL STUDIO 2010\PROJECTS\TURNURILE DIN HANOI\TURNURILE DIN HANOI\DEBUG\TURNURILE DIN HANOI.OBJ
C:\USERS\ALEXANDRU DINU\DOCUMENTS\VISUAL STUDIO 2010\PROJECTS\TURNURILE DIN HANOI\DEBUG\TURNURILE DIN HANOI.ILK
C:\USERS\ALEXANDRU DINU\DOCUMENTS\VISUAL STUDIO 2010\PROJECTS\TURNURILE DIN HANOI\DEBUG\TURNURILE DIN HANOI.EXE
C:\USERS\ALEXANDRU DINU\DOCUMENTS\VISUAL STUDIO 2010\PROJECTS\TURNURILE DIN HANOI\TURNURILE DIN HANOI\DEBUG\TURNURILE DIN HANOI.EXE.INTERMEDIATE.MANIFEST
C:\USERS\ALEXANDRU DINU\DOCUMENTS\VISUAL STUDIO 2010\PROJECTS\TURNURILE DIN HANOI\DEBUG\TURNURILE DIN HANOI.PDB
C:\USERS\ALEXANDRU DINU\DOCUMENTS\VISUAL STUDIO 2010\PROJECTS\TURNURILE DIN HANOI\TURNURILE DIN HANOI\DEBUG\APP.RES
C:\Users\Alex\Documents\Visual Studio 2012\Projects\C++\Turnurile din Hanoi\Turnurile din Hanoi\Debug\Turnurile din Hanoi.vcxprojResolveAssemblyReference.cache
C:\Users\Alex\Documents\Visual Studio 2012\Projects\C++\Turnurile din Hanoi\Turnurile din Hanoi\Debug\.NETFramework,Version=v4.0.AssemblyAttributes.obj
C:\Users\Alex\Documents\Visual Studio 2012\Projects\C++\Turnurile din Hanoi\Turnurile din Hanoi\Debug\AssemblyInfo.obj
C:\Users\Alex\Documents\Visual Studio 2012\Projects\C++\Turnurile din Hanoi\Turnurile din Hanoi\Debug\stdafx.obj
C:\Users\Alex\Documents\Visual Studio 2012\Projects\C++\Turnurile din Hanoi\Turnurile din Hanoi\Debug\Turnurile din Hanoi.obj
C:\Users\Alex\Documents\Visual Studio 2012\Projects\C++\Turnurile din Hanoi\Turnurile din Hanoi\Debug\cl.command.1.tlog
C:\Users\Alex\Documents\Visual Studio 2012\Projects\C++\Turnurile din Hanoi\Turnurile din Hanoi\Debug\CL.read.1.tlog
C:\Users\Alex\Documents\Visual Studio 2012\Projects\C++\Turnurile din Hanoi\Turnurile din Hanoi\Debug\CL.write.1.tlog
C:\Users\Alex\Documents\Visual Studio 2012\Projects\C++\Turnurile din Hanoi\Turnurile din Hanoi\Debug\link.1132-cvtres.read.1.tlog
C:\Users\Alex\Documents\Visual Studio 2012\Projects\C++\Turnurile din Hanoi\Turnurile din Hanoi\Debug\link.1132-cvtres.write.1.tlog
C:\Users\Alex\Documents\Visual Studio 2012\Projects\C++\Turnurile din Hanoi\Turnurile din Hanoi\Debug\link.1132.read.1.tlog
C:\Users\Alex\Documents\Visual Studio 2012\Projects\C++\Turnurile din Hanoi\Turnurile din Hanoi\Debug\link.1132.write.1.tlog
C:\Users\Alex\Documents\Visual Studio 2012\Projects\C++\Turnurile din Hanoi\Turnurile din Hanoi\Debug\link.1348-cvtres.read.1.tlog
C:\Users\Alex\Documents\Visual Studio 2012\Projects\C++\Turnurile din Hanoi\Turnurile din Hanoi\Debug\link.1348-cvtres.write.1.tlog
C:\Users\Alex\Documents\Visual Studio 2012\Projects\C++\Turnurile din Hanoi\Turnurile din Hanoi\Debug\link.1348.read.1.tlog
C:\Users\Alex\Documents\Visual Studio 2012\Projects\C++\Turnurile din Hanoi\Turnurile din Hanoi\Debug\link.1348.write.1.tlog
C:\Users\Alex\Documents\Visual Studio 2012\Projects\C++\Turnurile din Hanoi\Turnurile din Hanoi\Debug\link.1540-cvtres.read.1.tlog
C:\Users\Alex\Documents\Visual Studio 2012\Projects\C++\Turnurile din Hanoi\Turnurile din Hanoi\Debug\link.1540-cvtres.write.1.tlog
C:\Users\Alex\Documents\Visual Studio 2012\Projects\C++\Turnurile din Hanoi\Turnurile din Hanoi\Debug\link.1540.read.1.tlog
C:\Users\Alex\Documents\Visual Studio 2012\Projects\C++\Turnurile din Hanoi\Turnurile din Hanoi\Debug\link.1540.write.1.tlog
C:\Users\Alex\Documents\Visual Studio 2012\Projects\C++\Turnurile din Hanoi\Turnurile din Hanoi\Debug\link.1824-cvtres.read.1.tlog
C:\Users\Alex\Documents\Visual Studio 2012\Projects\C++\Turnurile din Hanoi\Turnurile din Hanoi\Debug\link.1824-cvtres.write.1.tlog
C:\Users\Alex\Documents\Visual Studio 2012\Projects\C++\Turnurile din Hanoi\Turnurile din Hanoi\Debug\link.1824.read.1.tlog
C:\Users\Alex\Documents\Visual Studio 2012\Projects\C++\Turnurile din Hanoi\Turnurile din Hanoi\Debug\link.1824.write.1.tlog
C:\Users\Alex\Documents\Visual Studio 2012\Projects\C++\Turnurile din Hanoi\Turnurile din Hanoi\Debug\link.1952-cvtres.read.1.tlog
C:\Users\Alex\Documents\Visual Studio 2012\Projects\C++\Turnurile din Hanoi\Turnurile din Hanoi\Debug\link.1952-cvtres.write.1.tlog
C:\Users\Alex\Documents\Visual Studio 2012\Projects\C++\Turnurile din Hanoi\Turnurile din Hanoi\Debug\link.1952.read.1.tlog
C:\Users\Alex\Documents\Visual Studio 2012\Projects\C++\Turnurile din Hanoi\Turnurile din Hanoi\Debug\link.1952.write.1.tlog
C:\Users\Alex\Documents\Visual Studio 2012\Projects\C++\Turnurile din Hanoi\Turnurile din Hanoi\Debug\link.2244-cvtres.read.1.tlog
C:\Users\Alex\Documents\Visual Studio 2012\Projects\C++\Turnurile din Hanoi\Turnurile din Hanoi\Debug\link.2244-cvtres.write.1.tlog
C:\Users\Alex\Documents\Visual Studio 2012\Projects\C++\Turnurile din Hanoi\Turnurile din Hanoi\Debug\link.2244.read.1.tlog
C:\Users\Alex\Documents\Visual Studio 2012\Projects\C++\Turnurile din Hanoi\Turnurile din Hanoi\Debug\link.2244.write.1.tlog
C:\Users\Alex\Documents\Visual Studio 2012\Projects\C++\Turnurile din Hanoi\Turnurile din Hanoi\Debug\link.2448-cvtres.read.1.tlog
C:\Users\Alex\Documents\Visual Studio 2012\Projects\C++\Turnurile din Hanoi\Turnurile din Hanoi\Debug\link.2448-cvtres.write.1.tlog
C:\Users\Alex\Documents\Visual Studio 2012\Projects\C++\Turnurile din Hanoi\Turnurile din Hanoi\Debug\link.2448.read.1.tlog
C:\Users\Alex\Documents\Visual Studio 2012\Projects\C++\Turnurile din Hanoi\Turnurile din Hanoi\Debug\link.2448.write.1.tlog
C:\Users\Alex\Documents\Visual Studio 2012\Projects\C++\Turnurile din Hanoi\Turnurile din Hanoi\Debug\link.2804-cvtres.read.1.tlog
C:\Users\Alex\Documents\Visual Studio 2012\Projects\C++\Turnurile din Hanoi\Turnurile din Hanoi\Debug\link.2804-cvtres.write.1.tlog
C:\Users\Alex\Documents\Visual Studio 2012\Projects\C++\Turnurile din Hanoi\Turnurile din Hanoi\Debug\link.2804.read.1.tlog
C:\Users\Alex\Documents\Visual Studio 2012\Projects\C++\Turnurile din Hanoi\Turnurile din Hanoi\Debug\link.2804.write.1.tlog
C:\Users\Alex\Documents\Visual Studio 2012\Projects\C++\Turnurile din Hanoi\Turnurile din Hanoi\Debug\link.2816-cvtres.read.1.tlog
C:\Users\Alex\Documents\Visual Studio 2012\Projects\C++\Turnurile din Hanoi\Turnurile din Hanoi\Debug\link.2816-cvtres.write.1.tlog
C:\Users\Alex\Documents\Visual Studio 2012\Projects\C++\Turnurile din Hanoi\Turnurile din Hanoi\Debug\link.2816.read.1.tlog
C:\Users\Alex\Documents\Visual Studio 2012\Projects\C++\Turnurile din Hanoi\Turnurile din Hanoi\Debug\link.2816.write.1.tlog
C:\Users\Alex\Documents\Visual Studio 2012\Projects\C++\Turnurile din Hanoi\Turnurile din Hanoi\Debug\link.2912-cvtres.read.1.tlog
C:\Users\Alex\Documents\Visual Studio 2012\Projects\C++\Turnurile din Hanoi\Turnurile din Hanoi\Debug\link.2912-cvtres.write.1.tlog
C:\Users\Alex\Documents\Visual Studio 2012\Projects\C++\Turnurile din Hanoi\Turnurile din Hanoi\Debug\link.2912.read.1.tlog
C:\Users\Alex\Documents\Visual Studio 2012\Projects\C++\Turnurile din Hanoi\Turnurile din Hanoi\Debug\link.2912.write.1.tlog
C:\Users\Alex\Documents\Visual Studio 2012\Projects\C++\Turnurile din Hanoi\Turnurile din Hanoi\Debug\link.2960-cvtres.read.1.tlog
C:\Users\Alex\Documents\Visual Studio 2012\Projects\C++\Turnurile din Hanoi\Turnurile din Hanoi\Debug\link.2960-cvtres.write.1.tlog
C:\Users\Alex\Documents\Visual Studio 2012\Projects\C++\Turnurile din Hanoi\Turnurile din Hanoi\Debug\link.2960.read.1.tlog
C:\Users\Alex\Documents\Visual Studio 2012\Projects\C++\Turnurile din Hanoi\Turnurile din Hanoi\Debug\link.2960.write.1.tlog
C:\Users\Alex\Documents\Visual Studio 2012\Projects\C++\Turnurile din Hanoi\Turnurile din Hanoi\Debug\link.3076-cvtres.read.1.tlog
C:\Users\Alex\Documents\Visual Studio 2012\Projects\C++\Turnurile din Hanoi\Turnurile din Hanoi\Debug\link.3076-cvtres.write.1.tlog
C:\Users\Alex\Documents\Visual Studio 2012\Projects\C++\Turnurile din Hanoi\Turnurile din Hanoi\Debug\link.3076.read.1.tlog
C:\Users\Alex\Documents\Visual Studio 2012\Projects\C++\Turnurile din Hanoi\Turnurile din Hanoi\Debug\link.3076.write.1.tlog
C:\Users\Alex\Documents\Visual Studio 2012\Projects\C++\Turnurile din Hanoi\Turnurile din Hanoi\Debug\link.3136-cvtres.read.1.tlog
C:\Users\Alex\Documents\Visual Studio 2012\Projects\C++\Turnurile din Hanoi\Turnurile din Hanoi\Debug\link.3136-cvtres.write.1.tlog
C:\Users\Alex\Documents\Visual Studio 2012\Projects\C++\Turnurile din Hanoi\Turnurile din Hanoi\Debug\link.3136.read.1.tlog
C:\Users\Alex\Documents\Visual Studio 2012\Projects\C++\Turnurile din Hanoi\Turnurile din Hanoi\Debug\link.3136.write.1.tlog
C:\Users\Alex\Documents\Visual Studio 2012\Projects\C++\Turnurile din Hanoi\Turnurile din Hanoi\Debug\link.3284-cvtres.read.1.tlog
C:\Users\Alex\Documents\Visual Studio 2012\Projects\C++\Turnurile din Hanoi\Turnurile din Hanoi\Debug\link.3284-cvtres.write.1.tlog
C:\Users\Alex\Documents\Visual Studio 2012\Projects\C++\Turnurile din Hanoi\Turnurile din Hanoi\Debug\link.3284.read.1.tlog
C:\Users\Alex\Documents\Visual Studio 2012\Projects\C++\Turnurile din Hanoi\Turnurile din Hanoi\Debug\link.3284.write.1.tlog
C:\Users\Alex\Documents\Visual Studio 2012\Projects\C++\Turnurile din Hanoi\Turnurile din Hanoi\Debug\link.3316-cvtres.read.1.tlog
C:\Users\Alex\Documents\Visual Studio 2012\Projects\C++\Turnurile din Hanoi\Turnurile din Hanoi\Debug\link.3316-cvtres.write.1.tlog
C:\Users\Alex\Documents\Visual Studio 2012\Projects\C++\Turnurile din Hanoi\Turnurile din Hanoi\Debug\link.3316.read.1.tlog
C:\Users\Alex\Documents\Visual Studio 2012\Projects\C++\Turnurile din Hanoi\Turnurile din Hanoi\Debug\link.3316.write.1.tlog
C:\Users\Alex\Documents\Visual Studio 2012\Projects\C++\Turnurile din Hanoi\Turnurile din Hanoi\Debug\link.3456-cvtres.read.1.tlog
C:\Users\Alex\Documents\Visual Studio 2012\Projects\C++\Turnurile din Hanoi\Turnurile din Hanoi\Debug\link.3456-cvtres.write.1.tlog
C:\Users\Alex\Documents\Visual Studio 2012\Projects\C++\Turnurile din Hanoi\Turnurile din Hanoi\Debug\link.3456.read.1.tlog
C:\Users\Alex\Documents\Visual Studio 2012\Projects\C++\Turnurile din Hanoi\Turnurile din Hanoi\Debug\link.3456.write.1.tlog
C:\Users\Alex\Documents\Visual Studio 2012\Projects\C++\Turnurile din Hanoi\Turnurile din Hanoi\Debug\link.3600-cvtres.read.1.tlog
C:\Users\Alex\Documents\Visual Studio 2012\Projects\C++\Turnurile din Hanoi\Turnurile din Hanoi\Debug\link.3600-cvtres.write.1.tlog
C:\Users\Alex\Documents\Visual Studio 2012\Projects\C++\Turnurile din Hanoi\Turnurile din Hanoi\Debug\link.3600.read.1.tlog
C:\Users\Alex\Documents\Visual Studio 2012\Projects\C++\Turnurile din Hanoi\Turnurile din Hanoi\Debug\link.3600.write.1.tlog
C:\Users\Alex\Documents\Visual Studio 2012\Projects\C++\Turnurile din Hanoi\Turnurile din Hanoi\Debug\link.3644-cvtres.read.1.tlog
C:\Users\Alex\Documents\Visual Studio 2012\Projects\C++\Turnurile din Hanoi\Turnurile din Hanoi\Debug\link.3644-cvtres.write.1.tlog
C:\Users\Alex\Documents\Visual Studio 2012\Projects\C++\Turnurile din Hanoi\Turnurile din Hanoi\Debug\link.3644.read.1.tlog
C:\Users\Alex\Documents\Visual Studio 2012\Projects\C++\Turnurile din Hanoi\Turnurile din Hanoi\Debug\link.3644.write.1.tlog
C:\Users\Alex\Documents\Visual Studio 2012\Projects\C++\Turnurile din Hanoi\Turnurile din Hanoi\Debug\link.4268-cvtres.read.1.tlog
C:\Users\Alex\Documents\Visual Studio 2012\Projects\C++\Turnurile din Hanoi\Turnurile din Hanoi\Debug\link.4268-cvtres.write.1.tlog
C:\Users\Alex\Documents\Visual Studio 2012\Projects\C++\Turnurile din Hanoi\Turnurile din Hanoi\Debug\link.4268.read.1.tlog
C:\Users\Alex\Documents\Visual Studio 2012\Projects\C++\Turnurile din Hanoi\Turnurile din Hanoi\Debug\link.4268.write.1.tlog
C:\Users\Alex\Documents\Visual Studio 2012\Projects\C++\Turnurile din Hanoi\Turnurile din Hanoi\Debug\link.4328-cvtres.read.1.tlog
C:\Users\Alex\Documents\Visual Studio 2012\Projects\C++\Turnurile din Hanoi\Turnurile din Hanoi\Debug\link.4328-cvtres.write.1.tlog
C:\Users\Alex\Documents\Visual Studio 2012\Projects\C++\Turnurile din Hanoi\Turnurile din Hanoi\Debug\link.4328.read.1.tlog
C:\Users\Alex\Documents\Visual Studio 2012\Projects\C++\Turnurile din Hanoi\Turnurile din Hanoi\Debug\link.4328.write.1.tlog
C:\Users\Alex\Documents\Visual Studio 2012\Projects\C++\Turnurile din Hanoi\Turnurile din Hanoi\Debug\link.4476-cvtres.read.1.tlog
C:\Users\Alex\Documents\Visual Studio 2012\Projects\C++\Turnurile din Hanoi\Turnurile din Hanoi\Debug\link.4476-cvtres.write.1.tlog
C:\Users\Alex\Documents\Visual Studio 2012\Projects\C++\Turnurile din Hanoi\Turnurile din Hanoi\Debug\link.4476.read.1.tlog
C:\Users\Alex\Documents\Visual Studio 2012\Projects\C++\Turnurile din Hanoi\Turnurile din Hanoi\Debug\link.4476.write.1.tlog
C:\Users\Alex\Documents\Visual Studio 2012\Projects\C++\Turnurile din Hanoi\Turnurile din Hanoi\Debug\link.456-cvtres.read.1.tlog
C:\Users\Alex\Documents\Visual Studio 2012\Projects\C++\Turnurile din Hanoi\Turnurile din Hanoi\Debug\link.456-cvtres.write.1.tlog
C:\Users\Alex\Documents\Visual Studio 2012\Projects\C++\Turnurile din Hanoi\Turnurile din Hanoi\Debug\link.456.read.1.tlog
C:\Users\Alex\Documents\Visual Studio 2012\Projects\C++\Turnurile din Hanoi\Turnurile din Hanoi\Debug\link.456.write.1.tlog
C:\Users\Alex\Documents\Visual Studio 2012\Projects\C++\Turnurile din Hanoi\Turnurile din Hanoi\Debug\link.4568-cvtres.read.1.tlog
C:\Users\Alex\Documents\Visual Studio 2012\Projects\C++\Turnurile din Hanoi\Turnurile din Hanoi\Debug\link.4568-cvtres.write.1.tlog
C:\Users\Alex\Documents\Visual Studio 2012\Projects\C++\Turnurile din Hanoi\Turnurile din Hanoi\Debug\link.4568.read.1.tlog
C:\Users\Alex\Documents\Visual Studio 2012\Projects\C++\Turnurile din Hanoi\Turnurile din Hanoi\Debug\link.4568.write.1.tlog
C:\Users\Alex\Documents\Visual Studio 2012\Projects\C++\Turnurile din Hanoi\Turnurile din Hanoi\Debug\link.4632-cvtres.read.1.tlog
C:\Users\Alex\Documents\Visual Studio 2012\Projects\C++\Turnurile din Hanoi\Turnurile din Hanoi\Debug\link.4632-cvtres.write.1.tlog
C:\Users\Alex\Documents\Visual Studio 2012\Projects\C++\Turnurile din Hanoi\Turnurile din Hanoi\Debug\link.4632.read.1.tlog
C:\Users\Alex\Documents\Visual Studio 2012\Projects\C++\Turnurile din Hanoi\Turnurile din Hanoi\Debug\link.4632.write.1.tlog
C:\Users\Alex\Documents\Visual Studio 2012\Projects\C++\Turnurile din Hanoi\Turnurile din Hanoi\Debug\link.4696-cvtres.read.1.tlog
C:\Users\Alex\Documents\Visual Studio 2012\Projects\C++\Turnurile din Hanoi\Turnurile din Hanoi\Debug\link.4696-cvtres.write.1.tlog
C:\Users\Alex\Documents\Visual Studio 2012\Projects\C++\Turnurile din Hanoi\Turnurile din Hanoi\Debug\link.4696.read.1.tlog
C:\Users\Alex\Documents\Visual Studio 2012\Projects\C++\Turnurile din Hanoi\Turnurile din Hanoi\Debug\link.4696.write.1.tlog
C:\Users\Alex\Documents\Visual Studio 2012\Projects\C++\Turnurile din Hanoi\Turnurile din Hanoi\Debug\link.4796-cvtres.read.1.tlog
C:\Users\Alex\Documents\Visual Studio 2012\Projects\C++\Turnurile din Hanoi\Turnurile din Hanoi\Debug\link.4796-cvtres.write.1.tlog
C:\Users\Alex\Documents\Visual Studio 2012\Projects\C++\Turnurile din Hanoi\Turnurile din Hanoi\Debug\link.4796.read.1.tlog
C:\Users\Alex\Documents\Visual Studio 2012\Projects\C++\Turnurile din Hanoi\Turnurile din Hanoi\Debug\link.4796.write.1.tlog
C:\Users\Alex\Documents\Visual Studio 2012\Projects\C++\Turnurile din Hanoi\Turnurile din Hanoi\Debug\link.4832-cvtres.read.1.tlog
C:\Users\Alex\Documents\Visual Studio 2012\Projects\C++\Turnurile din Hanoi\Turnurile din Hanoi\Debug\link.4832-cvtres.write.1.tlog
C:\Users\Alex\Documents\Visual Studio 2012\Projects\C++\Turnurile din Hanoi\Turnurile din Hanoi\Debug\link.4832.read.1.tlog
C:\Users\Alex\Documents\Visual Studio 2012\Projects\C++\Turnurile din Hanoi\Turnurile din Hanoi\Debug\link.4832.write.1.tlog
C:\Users\Alex\Documents\Visual Studio 2012\Projects\C++\Turnurile din Hanoi\Turnurile din Hanoi\Debug\link.5136-cvtres.read.1.tlog
C:\Users\Alex\Documents\Visual Studio 2012\Projects\C++\Turnurile din Hanoi\Turnurile din Hanoi\Debug\link.5136-cvtres.write.1.tlog
C:\Users\Alex\Documents\Visual Studio 2012\Projects\C++\Turnurile din Hanoi\Turnurile din Hanoi\Debug\link.5136.read.1.tlog
C:\Users\Alex\Documents\Visual Studio 2012\Projects\C++\Turnurile din Hanoi\Turnurile din Hanoi\Debug\link.5136.write.1.tlog
C:\Users\Alex\Documents\Visual Studio 2012\Projects\C++\Turnurile din Hanoi\Turnurile din Hanoi\Debug\link.5224-cvtres.read.1.tlog
C:\Users\Alex\Documents\Visual Studio 2012\Projects\C++\Turnurile din Hanoi\Turnurile din Hanoi\Debug\link.5224-cvtres.write.1.tlog
C:\Users\Alex\Documents\Visual Studio 2012\Projects\C++\Turnurile din Hanoi\Turnurile din Hanoi\Debug\link.5224.read.1.tlog
C:\Users\Alex\Documents\Visual Studio 2012\Projects\C++\Turnurile din Hanoi\Turnurile din Hanoi\Debug\link.5224.write.1.tlog
C:\Users\Alex\Documents\Visual Studio 2012\Projects\C++\Turnurile din Hanoi\Turnurile din Hanoi\Debug\link.5388-cvtres.read.1.tlog
C:\Users\Alex\Documents\Visual Studio 2012\Projects\C++\Turnurile din Hanoi\Turnurile din Hanoi\Debug\link.5388-cvtres.write.1.tlog
C:\Users\Alex\Documents\Visual Studio 2012\Projects\C++\Turnurile din Hanoi\Turnurile din Hanoi\Debug\link.5388.read.1.tlog
C:\Users\Alex\Documents\Visual Studio 2012\Projects\C++\Turnurile din Hanoi\Turnurile din Hanoi\Debug\link.5388.write.1.tlog
C:\Users\Alex\Documents\Visual Studio 2012\Projects\C++\Turnurile din Hanoi\Turnurile din Hanoi\Debug\link.5392-cvtres.read.1.tlog
C:\Users\Alex\Documents\Visual Studio 2012\Projects\C++\Turnurile din Hanoi\Turnurile din Hanoi\Debug\link.5392-cvtres.write.1.tlog
C:\Users\Alex\Documents\Visual Studio 2012\Projects\C++\Turnurile din Hanoi\Turnurile din Hanoi\Debug\link.5392.read.1.tlog
C:\Users\Alex\Documents\Visual Studio 2012\Projects\C++\Turnurile din Hanoi\Turnurile din Hanoi\Debug\link.5392.write.1.tlog
C:\Users\Alex\Documents\Visual Studio 2012\Projects\C++\Turnurile din Hanoi\Turnurile din Hanoi\Debug\link.5452-cvtres.read.1.tlog
C:\Users\Alex\Documents\Visual Studio 2012\Projects\C++\Turnurile din Hanoi\Turnurile din Hanoi\Debug\link.5452-cvtres.write.1.tlog
C:\Users\Alex\Documents\Visual Studio 2012\Projects\C++\Turnurile din Hanoi\Turnurile din Hanoi\Debug\link.5452.read.1.tlog
C:\Users\Alex\Documents\Visual Studio 2012\Projects\C++\Turnurile din Hanoi\Turnurile din Hanoi\Debug\link.5452.write.1.tlog
C:\Users\Alex\Documents\Visual Studio 2012\Projects\C++\Turnurile din Hanoi\Turnurile din Hanoi\Debug\link.5616-cvtres.read.1.tlog
C:\Users\Alex\Documents\Visual Studio 2012\Projects\C++\Turnurile din Hanoi\Turnurile din Hanoi\Debug\link.5616-cvtres.write.1.tlog
C:\Users\Alex\Documents\Visual Studio 2012\Projects\C++\Turnurile din Hanoi\Turnurile din Hanoi\Debug\link.5616.read.1.tlog
C:\Users\Alex\Documents\Visual Studio 2012\Projects\C++\Turnurile din Hanoi\Turnurile din Hanoi\Debug\link.5616.write.1.tlog
C:\Users\Alex\Documents\Visual Studio 2012\Projects\C++\Turnurile din Hanoi\Turnurile din Hanoi\Debug\link.5768-cvtres.read.1.tlog
C:\Users\Alex\Documents\Visual Studio 2012\Projects\C++\Turnurile din Hanoi\Turnurile din Hanoi\Debug\link.5768-cvtres.write.1.tlog
C:\Users\Alex\Documents\Visual Studio 2012\Projects\C++\Turnurile din Hanoi\Turnurile din Hanoi\Debug\link.5768.read.1.tlog
C:\Users\Alex\Documents\Visual Studio 2012\Projects\C++\Turnurile din Hanoi\Turnurile din Hanoi\Debug\link.5768.write.1.tlog
C:\Users\Alex\Documents\Visual Studio 2012\Projects\C++\Turnurile din Hanoi\Turnurile din Hanoi\Debug\link.5892-cvtres.read.1.tlog
C:\Users\Alex\Documents\Visual Studio 2012\Projects\C++\Turnurile din Hanoi\Turnurile din Hanoi\Debug\link.5892-cvtres.write.1.tlog
C:\Users\Alex\Documents\Visual Studio 2012\Projects\C++\Turnurile din Hanoi\Turnurile din Hanoi\Debug\link.5892.read.1.tlog
C:\Users\Alex\Documents\Visual Studio 2012\Projects\C++\Turnurile din Hanoi\Turnurile din Hanoi\Debug\link.5892.write.1.tlog
C:\Users\Alex\Documents\Visual Studio 2012\Projects\C++\Turnurile din Hanoi\Turnurile din Hanoi\Debug\link.5984-cvtres.read.1.tlog
C:\Users\Alex\Documents\Visual Studio 2012\Projects\C++\Turnurile din Hanoi\Turnurile din Hanoi\Debug\link.5984-cvtres.write.1.tlog
C:\Users\Alex\Documents\Visual Studio 2012\Projects\C++\Turnurile din Hanoi\Turnurile din Hanoi\Debug\link.5984.read.1.tlog
C:\Users\Alex\Documents\Visual Studio 2012\Projects\C++\Turnurile din Hanoi\Turnurile din Hanoi\Debug\link.5984.write.1.tlog
C:\Users\Alex\Documents\Visual Studio 2012\Projects\C++\Turnurile din Hanoi\Turnurile din Hanoi\Debug\link.6104-cvtres.read.1.tlog
C:\Users\Alex\Documents\Visual Studio 2012\Projects\C++\Turnurile din Hanoi\Turnurile din Hanoi\Debug\link.6104-cvtres.write.1.tlog
C:\Users\Alex\Documents\Visual Studio 2012\Projects\C++\Turnurile din Hanoi\Turnurile din Hanoi\Debug\link.6104.read.1.tlog
C:\Users\Alex\Documents\Visual Studio 2012\Projects\C++\Turnurile din Hanoi\Turnurile din Hanoi\Debug\link.6104.write.1.tlog
C:\Users\Alex\Documents\Visual Studio 2012\Projects\C++\Turnurile din Hanoi\Turnurile din Hanoi\Debug\link.6124-cvtres.read.1.tlog
C:\Users\Alex\Documents\Visual Studio 2012\Projects\C++\Turnurile din Hanoi\Turnurile din Hanoi\Debug\link.6124-cvtres.write.1.tlog
C:\Users\Alex\Documents\Visual Studio 2012\Projects\C++\Turnurile din Hanoi\Turnurile din Hanoi\Debug\link.6124.read.1.tlog
C:\Users\Alex\Documents\Visual Studio 2012\Projects\C++\Turnurile din Hanoi\Turnurile din Hanoi\Debug\link.6124.write.1.tlog
C:\Users\Alex\Documents\Visual Studio 2012\Projects\C++\Turnurile din Hanoi\Turnurile din Hanoi\Debug\link.744-cvtres.read.1.tlog
C:\Users\Alex\Documents\Visual Studio 2012\Projects\C++\Turnurile din Hanoi\Turnurile din Hanoi\Debug\link.744-cvtres.write.1.tlog
C:\Users\Alex\Documents\Visual Studio 2012\Projects\C++\Turnurile din Hanoi\Turnurile din Hanoi\Debug\link.744.read.1.tlog
C:\Users\Alex\Documents\Visual Studio 2012\Projects\C++\Turnurile din Hanoi\Turnurile din Hanoi\Debug\link.744.write.1.tlog
C:\Users\Alex\Documents\Visual Studio 2012\Projects\C++\Turnurile din Hanoi\Turnurile din Hanoi\Debug\link.844-cvtres.read.1.tlog
C:\Users\Alex\Documents\Visual Studio 2012\Projects\C++\Turnurile din Hanoi\Turnurile din Hanoi\Debug\link.844-cvtres.write.1.tlog
C:\Users\Alex\Documents\Visual Studio 2012\Projects\C++\Turnurile din Hanoi\Turnurile din Hanoi\Debug\link.844.read.1.tlog
C:\Users\Alex\Documents\Visual Studio 2012\Projects\C++\Turnurile din Hanoi\Turnurile din Hanoi\Debug\link.844.write.1.tlog
C:\Users\Alex\Documents\Visual Studio 2012\Projects\C++\Turnurile din Hanoi\Turnurile din Hanoi\Debug\link.command.1.tlog
C:\Users\Alex\Documents\Visual Studio 2012\Projects\C++\Turnurile din Hanoi\Turnurile din Hanoi\Debug\link.read.1.tlog
C:\Users\Alex\Documents\Visual Studio 2012\Projects\C++\Turnurile din Hanoi\Turnurile din Hanoi\Debug\link.write.1.tlog
C:\Users\Alex\Documents\Visual Studio 2012\Projects\C++\Turnurile din Hanoi\Turnurile din Hanoi\Debug\metagen.read.1.tlog
C:\Users\Alex\Documents\Visual Studio 2012\Projects\C++\Turnurile din Hanoi\Turnurile din Hanoi\Debug\metagen.write.1.tlog
C:\Users\Alex\Documents\Visual Studio 2012\Projects\C++\Turnurile din Hanoi\Turnurile din Hanoi\Debug\mt.command.1.tlog
C:\Users\Alex\Documents\Visual Studio 2012\Projects\C++\Turnurile din Hanoi\Turnurile din Hanoi\Debug\mt.read.1.tlog
C:\Users\Alex\Documents\Visual Studio 2012\Projects\C++\Turnurile din Hanoi\Turnurile din Hanoi\Debug\mt.write.1.tlog
C:\Users\Alex\Documents\Visual Studio 2012\Projects\C++\Turnurile din Hanoi\Turnurile din Hanoi\Debug\rc.command.1.tlog
C:\Users\Alex\Documents\Visual Studio 2012\Projects\C++\Turnurile din Hanoi\Turnurile din Hanoi\Debug\rc.read.1.tlog
C:\Users\Alex\Documents\Visual Studio 2012\Projects\C++\Turnurile din Hanoi\Turnurile din Hanoi\Debug\rc.write.1.tlog
C:\Users\Alex\Documents\Visual Studio 2012\Projects\C++\Turnurile din Hanoi\Turnurile din Hanoi\Debug\Turnurile din Hanoi.write.1.tlog
C:\Users\Alex\Documents\Visual Studio 2012\Projects\C++\Turnurile din Hanoi\Turnurile din Hanoi\Debug\Turnurile din Hanoi.exe.intermediate.manifest
C:\Users\Alex\Documents\Visual Studio 2012\Projects\C++\Turnurile din Hanoi\Turnurile din Hanoi\Debug\app.res
C:\Users\Alex\Documents\Visual Studio 2012\Projects\C++\Turnurile din Hanoi\Turnurile din Hanoi\Debug\Turnurile din Hanoi.pch
C:\Users\Alex\Documents\Visual Studio 2012\Projects\C++\Turnurile din Hanoi\Turnurile din Hanoi\Debug\vc100.pdb
C:\Users\Alex\Documents\Visual Studio 2012\Projects\C++\Turnurile din Hanoi\Turnurile din Hanoi\Debug\RSAENH.DLL.bi
C:\Users\Alex\Documents\Visual Studio 2012\Projects\C++\Turnurile din Hanoi\Turnurile din Hanoi\Debug\TZRES.DLL.bi
C:\Users\Alex\Documents\Visual Studio 2012\Projects\C++\Turnurile din Hanoi\Debug\Turnurile din Hanoi.pdb
C:\Users\Alex\Documents\Visual Studio 2012\Projects\C++\Turnurile din Hanoi\Debug\Turnurile din Hanoi.exe
C:\Users\Alex\Documents\Visual Studio 2012\Projects\C++\Turnurile din Hanoi\Debug\Turnurile din Hanoi.ilk
