h:\programming\c++\backtracking\permutari recursiv\permutari recursiv\debug\permutari recursiv.pch
h:\programming\c++\backtracking\permutari recursiv\permutari recursiv\debug\vc120.pdb
h:\programming\c++\backtracking\permutari recursiv\permutari recursiv\debug\stdafx.obj
h:\programming\c++\backtracking\permutari recursiv\permutari recursiv\debug\permutari recursiv.obj
h:\programming\c++\backtracking\permutari recursiv\permutari recursiv\debug\assemblyinfo.obj
h:\programming\c++\backtracking\permutari recursiv\permutari recursiv\debug\.netframework,version=v4.5.assemblyattributes.obj
h:\programming\c++\backtracking\permutari recursiv\debug\permutari recursiv.exe
h:\programming\c++\backtracking\permutari recursiv\debug\permutari recursiv.pdb
h:\programming\c++\backtracking\permutari recursiv\permutari recursiv\debug\app.res
h:\programming\c++\backtracking\permutari recursiv\permutari recursiv\debug\permutari recursiv.vcxprojresolveassemblyreference.cache
h:\programming\c++\backtracking\permutari recursiv\permutari recursiv\debug\permutar.31a1d859.tlog\cl.command.1.tlog
h:\programming\c++\backtracking\permutari recursiv\permutari recursiv\debug\permutar.31a1d859.tlog\cl.read.1.tlog
h:\programming\c++\backtracking\permutari recursiv\permutari recursiv\debug\permutar.31a1d859.tlog\cl.write.1.tlog
h:\programming\c++\backtracking\permutari recursiv\permutari recursiv\debug\permutar.31a1d859.tlog\link.command.1.tlog
h:\programming\c++\backtracking\permutari recursiv\permutari recursiv\debug\permutar.31a1d859.tlog\link.read.1.tlog
h:\programming\c++\backtracking\permutari recursiv\permutari recursiv\debug\permutar.31a1d859.tlog\link.write.1.tlog
h:\programming\c++\backtracking\permutari recursiv\permutari recursiv\debug\permutar.31a1d859.tlog\metagen.read.1.tlog
h:\programming\c++\backtracking\permutari recursiv\permutari recursiv\debug\permutar.31a1d859.tlog\metagen.write.1.tlog
h:\programming\c++\backtracking\permutari recursiv\permutari recursiv\debug\permutar.31a1d859.tlog\rc.command.1.tlog
h:\programming\c++\backtracking\permutari recursiv\permutari recursiv\debug\permutar.31a1d859.tlog\rc.read.1.tlog
h:\programming\c++\backtracking\permutari recursiv\permutari recursiv\debug\permutar.31a1d859.tlog\rc.write.1.tlog
h:\programming\c++\backtracking\permutari recursiv\permutari recursiv\debug\permutar.31a1d859.tlog\tzres.dll.bi
