C:\USERS\ALEXANDRU DINU\DOCUMENTS\VISUAL STUDIO 2010\PROJECTS\NUMERE\NUMERE\DEBUG\NUMERE.PCH
C:\USERS\ALEXANDRU DINU\DOCUMENTS\VISUAL STUDIO 2010\PROJECTS\NUMERE\NUMERE\DEBUG\STDAFX.OBJ
C:\USERS\ALEXANDRU DINU\DOCUMENTS\VISUAL STUDIO 2010\PROJECTS\NUMERE\NUMERE\DEBUG\VC100.PDB
C:\USERS\ALEXANDRU DINU\DOCUMENTS\VISUAL STUDIO 2010\PROJECTS\NUMERE\NUMERE\DEBUG\ASSEMBLYINFO.OBJ
C:\USERS\ALEXANDRU DINU\DOCUMENTS\VISUAL STUDIO 2010\PROJECTS\NUMERE\NUMERE\DEBUG\.NETFRAMEWORK,VERSION=V4.0.ASSEMBLYATTRIBUTES.OBJ
C:\USERS\ALEXANDRU DINU\DOCUMENTS\VISUAL STUDIO 2010\PROJECTS\NUMERE\NUMERE\DEBUG\NUMERE.OBJ
C:\USERS\ALEXANDRU DINU\DOCUMENTS\VISUAL STUDIO 2010\PROJECTS\NUMERE\DEBUG\NUMERE.ILK
C:\USERS\ALEXANDRU DINU\DOCUMENTS\VISUAL STUDIO 2010\PROJECTS\NUMERE\DEBUG\NUMERE.EXE
C:\USERS\ALEXANDRU DINU\DOCUMENTS\VISUAL STUDIO 2010\PROJECTS\NUMERE\NUMERE\DEBUG\NUMERE.EXE.INTERMEDIATE.MANIFEST
C:\USERS\ALEXANDRU DINU\DOCUMENTS\VISUAL STUDIO 2010\PROJECTS\NUMERE\DEBUG\NUMERE.PDB
C:\USERS\ALEXANDRU DINU\DOCUMENTS\VISUAL STUDIO 2010\PROJECTS\NUMERE\NUMERE\DEBUG\APP.RES
C:\Users\Alex\Documents\Visual Studio 2012\Projects\C++\Numere\Numere\Debug\Numere.vcxprojResolveAssemblyReference.cache
C:\Users\Alex\Documents\Visual Studio 2012\Projects\C++\Numere\Numere\Debug\.NETFramework,Version=v4.0.AssemblyAttributes.obj
C:\Users\Alex\Documents\Visual Studio 2012\Projects\C++\Numere\Numere\Debug\AssemblyInfo.obj
C:\Users\Alex\Documents\Visual Studio 2012\Projects\C++\Numere\Numere\Debug\Numere.obj
C:\Users\Alex\Documents\Visual Studio 2012\Projects\C++\Numere\Numere\Debug\stdafx.obj
C:\Users\Alex\Documents\Visual Studio 2012\Projects\C++\Numere\Numere\Debug\cl.command.1.tlog
C:\Users\Alex\Documents\Visual Studio 2012\Projects\C++\Numere\Numere\Debug\CL.read.1.tlog
C:\Users\Alex\Documents\Visual Studio 2012\Projects\C++\Numere\Numere\Debug\CL.write.1.tlog
C:\Users\Alex\Documents\Visual Studio 2012\Projects\C++\Numere\Numere\Debug\link.1672-cvtres.read.1.tlog
C:\Users\Alex\Documents\Visual Studio 2012\Projects\C++\Numere\Numere\Debug\link.1672-cvtres.write.1.tlog
C:\Users\Alex\Documents\Visual Studio 2012\Projects\C++\Numere\Numere\Debug\link.1672.read.1.tlog
C:\Users\Alex\Documents\Visual Studio 2012\Projects\C++\Numere\Numere\Debug\link.1672.write.1.tlog
C:\Users\Alex\Documents\Visual Studio 2012\Projects\C++\Numere\Numere\Debug\link.1676-cvtres.read.1.tlog
C:\Users\Alex\Documents\Visual Studio 2012\Projects\C++\Numere\Numere\Debug\link.1676-cvtres.write.1.tlog
C:\Users\Alex\Documents\Visual Studio 2012\Projects\C++\Numere\Numere\Debug\link.1676.read.1.tlog
C:\Users\Alex\Documents\Visual Studio 2012\Projects\C++\Numere\Numere\Debug\link.1676.write.1.tlog
C:\Users\Alex\Documents\Visual Studio 2012\Projects\C++\Numere\Numere\Debug\link.1684-cvtres.read.1.tlog
C:\Users\Alex\Documents\Visual Studio 2012\Projects\C++\Numere\Numere\Debug\link.1684-cvtres.write.1.tlog
C:\Users\Alex\Documents\Visual Studio 2012\Projects\C++\Numere\Numere\Debug\link.1684.read.1.tlog
C:\Users\Alex\Documents\Visual Studio 2012\Projects\C++\Numere\Numere\Debug\link.1684.write.1.tlog
C:\Users\Alex\Documents\Visual Studio 2012\Projects\C++\Numere\Numere\Debug\link.1784-cvtres.read.1.tlog
C:\Users\Alex\Documents\Visual Studio 2012\Projects\C++\Numere\Numere\Debug\link.1784-cvtres.write.1.tlog
C:\Users\Alex\Documents\Visual Studio 2012\Projects\C++\Numere\Numere\Debug\link.1784.read.1.tlog
C:\Users\Alex\Documents\Visual Studio 2012\Projects\C++\Numere\Numere\Debug\link.1784.write.1.tlog
C:\Users\Alex\Documents\Visual Studio 2012\Projects\C++\Numere\Numere\Debug\link.1884-cvtres.read.1.tlog
C:\Users\Alex\Documents\Visual Studio 2012\Projects\C++\Numere\Numere\Debug\link.1884-cvtres.write.1.tlog
C:\Users\Alex\Documents\Visual Studio 2012\Projects\C++\Numere\Numere\Debug\link.1884.read.1.tlog
C:\Users\Alex\Documents\Visual Studio 2012\Projects\C++\Numere\Numere\Debug\link.1884.write.1.tlog
C:\Users\Alex\Documents\Visual Studio 2012\Projects\C++\Numere\Numere\Debug\link.2184-cvtres.read.1.tlog
C:\Users\Alex\Documents\Visual Studio 2012\Projects\C++\Numere\Numere\Debug\link.2184-cvtres.write.1.tlog
C:\Users\Alex\Documents\Visual Studio 2012\Projects\C++\Numere\Numere\Debug\link.2184.read.1.tlog
C:\Users\Alex\Documents\Visual Studio 2012\Projects\C++\Numere\Numere\Debug\link.2184.write.1.tlog
C:\Users\Alex\Documents\Visual Studio 2012\Projects\C++\Numere\Numere\Debug\link.2424-cvtres.read.1.tlog
C:\Users\Alex\Documents\Visual Studio 2012\Projects\C++\Numere\Numere\Debug\link.2424-cvtres.write.1.tlog
C:\Users\Alex\Documents\Visual Studio 2012\Projects\C++\Numere\Numere\Debug\link.2424.read.1.tlog
C:\Users\Alex\Documents\Visual Studio 2012\Projects\C++\Numere\Numere\Debug\link.2424.write.1.tlog
C:\Users\Alex\Documents\Visual Studio 2012\Projects\C++\Numere\Numere\Debug\link.2912-cvtres.read.1.tlog
C:\Users\Alex\Documents\Visual Studio 2012\Projects\C++\Numere\Numere\Debug\link.2912-cvtres.write.1.tlog
C:\Users\Alex\Documents\Visual Studio 2012\Projects\C++\Numere\Numere\Debug\link.2912.read.1.tlog
C:\Users\Alex\Documents\Visual Studio 2012\Projects\C++\Numere\Numere\Debug\link.2912.write.1.tlog
C:\Users\Alex\Documents\Visual Studio 2012\Projects\C++\Numere\Numere\Debug\link.3300-cvtres.read.1.tlog
C:\Users\Alex\Documents\Visual Studio 2012\Projects\C++\Numere\Numere\Debug\link.3300-cvtres.write.1.tlog
C:\Users\Alex\Documents\Visual Studio 2012\Projects\C++\Numere\Numere\Debug\link.3300.read.1.tlog
C:\Users\Alex\Documents\Visual Studio 2012\Projects\C++\Numere\Numere\Debug\link.3300.write.1.tlog
C:\Users\Alex\Documents\Visual Studio 2012\Projects\C++\Numere\Numere\Debug\link.3668-cvtres.read.1.tlog
C:\Users\Alex\Documents\Visual Studio 2012\Projects\C++\Numere\Numere\Debug\link.3668-cvtres.write.1.tlog
C:\Users\Alex\Documents\Visual Studio 2012\Projects\C++\Numere\Numere\Debug\link.3668.read.1.tlog
C:\Users\Alex\Documents\Visual Studio 2012\Projects\C++\Numere\Numere\Debug\link.3668.write.1.tlog
C:\Users\Alex\Documents\Visual Studio 2012\Projects\C++\Numere\Numere\Debug\link.3740-cvtres.read.1.tlog
C:\Users\Alex\Documents\Visual Studio 2012\Projects\C++\Numere\Numere\Debug\link.3740-cvtres.write.1.tlog
C:\Users\Alex\Documents\Visual Studio 2012\Projects\C++\Numere\Numere\Debug\link.3740.read.1.tlog
C:\Users\Alex\Documents\Visual Studio 2012\Projects\C++\Numere\Numere\Debug\link.3740.write.1.tlog
C:\Users\Alex\Documents\Visual Studio 2012\Projects\C++\Numere\Numere\Debug\link.3844-cvtres.read.1.tlog
C:\Users\Alex\Documents\Visual Studio 2012\Projects\C++\Numere\Numere\Debug\link.3844-cvtres.write.1.tlog
C:\Users\Alex\Documents\Visual Studio 2012\Projects\C++\Numere\Numere\Debug\link.3844.read.1.tlog
C:\Users\Alex\Documents\Visual Studio 2012\Projects\C++\Numere\Numere\Debug\link.3844.write.1.tlog
C:\Users\Alex\Documents\Visual Studio 2012\Projects\C++\Numere\Numere\Debug\link.3968-cvtres.read.1.tlog
C:\Users\Alex\Documents\Visual Studio 2012\Projects\C++\Numere\Numere\Debug\link.3968-cvtres.write.1.tlog
C:\Users\Alex\Documents\Visual Studio 2012\Projects\C++\Numere\Numere\Debug\link.3968.read.1.tlog
C:\Users\Alex\Documents\Visual Studio 2012\Projects\C++\Numere\Numere\Debug\link.3968.write.1.tlog
C:\Users\Alex\Documents\Visual Studio 2012\Projects\C++\Numere\Numere\Debug\link.4140-cvtres.read.1.tlog
C:\Users\Alex\Documents\Visual Studio 2012\Projects\C++\Numere\Numere\Debug\link.4140-cvtres.write.1.tlog
C:\Users\Alex\Documents\Visual Studio 2012\Projects\C++\Numere\Numere\Debug\link.4140.read.1.tlog
C:\Users\Alex\Documents\Visual Studio 2012\Projects\C++\Numere\Numere\Debug\link.4140.write.1.tlog
C:\Users\Alex\Documents\Visual Studio 2012\Projects\C++\Numere\Numere\Debug\link.4240-cvtres.read.1.tlog
C:\Users\Alex\Documents\Visual Studio 2012\Projects\C++\Numere\Numere\Debug\link.4240-cvtres.write.1.tlog
C:\Users\Alex\Documents\Visual Studio 2012\Projects\C++\Numere\Numere\Debug\link.4240.read.1.tlog
C:\Users\Alex\Documents\Visual Studio 2012\Projects\C++\Numere\Numere\Debug\link.4240.write.1.tlog
C:\Users\Alex\Documents\Visual Studio 2012\Projects\C++\Numere\Numere\Debug\link.4376-cvtres.read.1.tlog
C:\Users\Alex\Documents\Visual Studio 2012\Projects\C++\Numere\Numere\Debug\link.4376-cvtres.write.1.tlog
C:\Users\Alex\Documents\Visual Studio 2012\Projects\C++\Numere\Numere\Debug\link.4376.read.1.tlog
C:\Users\Alex\Documents\Visual Studio 2012\Projects\C++\Numere\Numere\Debug\link.4376.write.1.tlog
C:\Users\Alex\Documents\Visual Studio 2012\Projects\C++\Numere\Numere\Debug\link.448-cvtres.read.1.tlog
C:\Users\Alex\Documents\Visual Studio 2012\Projects\C++\Numere\Numere\Debug\link.448-cvtres.write.1.tlog
C:\Users\Alex\Documents\Visual Studio 2012\Projects\C++\Numere\Numere\Debug\link.448.read.1.tlog
C:\Users\Alex\Documents\Visual Studio 2012\Projects\C++\Numere\Numere\Debug\link.448.write.1.tlog
C:\Users\Alex\Documents\Visual Studio 2012\Projects\C++\Numere\Numere\Debug\link.4536-cvtres.read.1.tlog
C:\Users\Alex\Documents\Visual Studio 2012\Projects\C++\Numere\Numere\Debug\link.4536-cvtres.write.1.tlog
C:\Users\Alex\Documents\Visual Studio 2012\Projects\C++\Numere\Numere\Debug\link.4536.read.1.tlog
C:\Users\Alex\Documents\Visual Studio 2012\Projects\C++\Numere\Numere\Debug\link.4536.write.1.tlog
C:\Users\Alex\Documents\Visual Studio 2012\Projects\C++\Numere\Numere\Debug\link.4976-cvtres.read.1.tlog
C:\Users\Alex\Documents\Visual Studio 2012\Projects\C++\Numere\Numere\Debug\link.4976-cvtres.write.1.tlog
C:\Users\Alex\Documents\Visual Studio 2012\Projects\C++\Numere\Numere\Debug\link.4976.read.1.tlog
C:\Users\Alex\Documents\Visual Studio 2012\Projects\C++\Numere\Numere\Debug\link.4976.write.1.tlog
C:\Users\Alex\Documents\Visual Studio 2012\Projects\C++\Numere\Numere\Debug\link.5036-cvtres.read.1.tlog
C:\Users\Alex\Documents\Visual Studio 2012\Projects\C++\Numere\Numere\Debug\link.5036-cvtres.write.1.tlog
C:\Users\Alex\Documents\Visual Studio 2012\Projects\C++\Numere\Numere\Debug\link.5036.read.1.tlog
C:\Users\Alex\Documents\Visual Studio 2012\Projects\C++\Numere\Numere\Debug\link.5036.write.1.tlog
C:\Users\Alex\Documents\Visual Studio 2012\Projects\C++\Numere\Numere\Debug\link.5108-cvtres.read.1.tlog
C:\Users\Alex\Documents\Visual Studio 2012\Projects\C++\Numere\Numere\Debug\link.5108-cvtres.write.1.tlog
C:\Users\Alex\Documents\Visual Studio 2012\Projects\C++\Numere\Numere\Debug\link.5108.read.1.tlog
C:\Users\Alex\Documents\Visual Studio 2012\Projects\C++\Numere\Numere\Debug\link.5108.write.1.tlog
C:\Users\Alex\Documents\Visual Studio 2012\Projects\C++\Numere\Numere\Debug\link.832-cvtres.read.1.tlog
C:\Users\Alex\Documents\Visual Studio 2012\Projects\C++\Numere\Numere\Debug\link.832-cvtres.write.1.tlog
C:\Users\Alex\Documents\Visual Studio 2012\Projects\C++\Numere\Numere\Debug\link.832.read.1.tlog
C:\Users\Alex\Documents\Visual Studio 2012\Projects\C++\Numere\Numere\Debug\link.832.write.1.tlog
C:\Users\Alex\Documents\Visual Studio 2012\Projects\C++\Numere\Numere\Debug\link.command.1.tlog
C:\Users\Alex\Documents\Visual Studio 2012\Projects\C++\Numere\Numere\Debug\link.read.1.tlog
C:\Users\Alex\Documents\Visual Studio 2012\Projects\C++\Numere\Numere\Debug\link.write.1.tlog
C:\Users\Alex\Documents\Visual Studio 2012\Projects\C++\Numere\Numere\Debug\metagen.read.1.tlog
C:\Users\Alex\Documents\Visual Studio 2012\Projects\C++\Numere\Numere\Debug\metagen.write.1.tlog
C:\Users\Alex\Documents\Visual Studio 2012\Projects\C++\Numere\Numere\Debug\mt.command.1.tlog
C:\Users\Alex\Documents\Visual Studio 2012\Projects\C++\Numere\Numere\Debug\mt.read.1.tlog
C:\Users\Alex\Documents\Visual Studio 2012\Projects\C++\Numere\Numere\Debug\mt.write.1.tlog
C:\Users\Alex\Documents\Visual Studio 2012\Projects\C++\Numere\Numere\Debug\Numere.write.1.tlog
C:\Users\Alex\Documents\Visual Studio 2012\Projects\C++\Numere\Numere\Debug\rc.command.1.tlog
C:\Users\Alex\Documents\Visual Studio 2012\Projects\C++\Numere\Numere\Debug\rc.read.1.tlog
C:\Users\Alex\Documents\Visual Studio 2012\Projects\C++\Numere\Numere\Debug\rc.write.1.tlog
C:\Users\Alex\Documents\Visual Studio 2012\Projects\C++\Numere\Numere\Debug\Numere.exe.intermediate.manifest
C:\Users\Alex\Documents\Visual Studio 2012\Projects\C++\Numere\Numere\Debug\app.res
C:\Users\Alex\Documents\Visual Studio 2012\Projects\C++\Numere\Numere\Debug\Numere.pch
C:\Users\Alex\Documents\Visual Studio 2012\Projects\C++\Numere\Numere\Debug\vc100.pdb
C:\Users\Alex\Documents\Visual Studio 2012\Projects\C++\Numere\Numere\Debug\RSAENH.DLL.bi
C:\Users\Alex\Documents\Visual Studio 2012\Projects\C++\Numere\Numere\Debug\TZRES.DLL.bi
C:\Users\Alex\Documents\Visual Studio 2012\Projects\C++\Numere\Debug\Numere.pdb
C:\Users\Alex\Documents\Visual Studio 2012\Projects\C++\Numere\Debug\Numere.exe
C:\Users\Alex\Documents\Visual Studio 2012\Projects\C++\Numere\Debug\Numere.ilk
