Turbo Assembler	 Version 2.51	     12/02/15 20:42:09	    Page 1
map2.ASM



      1	0000			     .model small
      2	0000			     .data
      3					     org 100h
      4	0100  0A*(30)			     nr1 db 10 dup (30h)
      5	010A  14*(F7)			     nr2 db 20 dup (0f7h)
      6	      =	0014		     lung equ $-nr2
      7	011E  0014		     lungw dw $-nr2
      8	0120  41 42 43 44 45 24	     mesaj db 'ABCDE$'
      9	0126  0A*(7A)		     sirb db 10	dup (7ah)
     10	0130  00000126sr	     adr_sb dd sirb
     11	0134  1234ABCD		     vd	dd 1234abcdh
     12	0138  12345678ABCD0000	     vq	dq 12345678abcd0000h
     13	0140  00000000000123456789   vbcd dt 123456789
     14	0000			     .stack
     15	014A			     .code
     16	0000  B8 0000s			     mov ax,@data
     17	0003  8E D8			     mov ds,ax
     18	0005  A1 0100r			     mov ax, word ptr nr1
     19	0008  B8 4C00			     mov ax,4c00h
     20	000B  CD 21			     int 21h
     21				     end
Turbo Assembler	 Version 2.51	     12/02/15 20:42:09	    Page 2
Symbol Table




Symbol Name			  Type	 Value

??DATE				  Text	 "12/02/15"
??FILENAME			  Text	 "map2	  "
??TIME				  Text	 "20:42:09"
??VERSION			  Number 0205
@CODE				  Text	 _TEXT
@CODESIZE			  Text	 0
@CPU				  Text	 0101H
@CURSEG				  Text	 _TEXT
@DATA				  Text	 DGROUP
@DATASIZE			  Text	 0
@FILENAME			  Text	 MAP2
@MODEL				  Text	 2
@WORDSIZE			  Text	 2
ADR_SB				  Dword	 DGROUP:0130
LUNG				  Number 0014
LUNGW				  Word	 DGROUP:011E
MESAJ				  Byte	 DGROUP:0120
NR1				  Byte	 DGROUP:0100
NR2				  Byte	 DGROUP:010A
SIRB				  Byte	 DGROUP:0126
VBCD				  Tbyte	 DGROUP:0140
VD				  Dword	 DGROUP:0134
VQ				  Qword	 DGROUP:0138

Groups & Segments		  Bit Size Align  Combine Class

DGROUP				  Group
  STACK				  16  0400 Para	  Stack	  STACK
  _DATA				  16  014A Word	  Public  DATA
_TEXT				  16  000D Word	  Public  CODE