C:\USERS\ALEXANDRU DINU\DOCUMENTS\VISUAL STUDIO 2010\PROJECTS\C++\BACKTRACKING\COLORAREA HARTII\COLORAREA HARTII\DEBUG\COLORAREA HARTII.PCH
C:\USERS\ALEXANDRU DINU\DOCUMENTS\VISUAL STUDIO 2010\PROJECTS\C++\BACKTRACKING\COLORAREA HARTII\COLORAREA HARTII\DEBUG\STDAFX.OBJ
C:\USERS\ALEXANDRU DINU\DOCUMENTS\VISUAL STUDIO 2010\PROJECTS\C++\BACKTRACKING\COLORAREA HARTII\COLORAREA HARTII\DEBUG\VC100.PDB
C:\USERS\ALEXANDRU DINU\DOCUMENTS\VISUAL STUDIO 2010\PROJECTS\C++\BACKTRACKING\COLORAREA HARTII\COLORAREA HARTII\DEBUG\ASSEMBLYINFO.OBJ
C:\USERS\ALEXANDRU DINU\DOCUMENTS\VISUAL STUDIO 2010\PROJECTS\C++\BACKTRACKING\COLORAREA HARTII\COLORAREA HARTII\DEBUG\.NETFRAMEWORK,VERSION=V4.0.ASSEMBLYATTRIBUTES.OBJ
C:\USERS\ALEXANDRU DINU\DOCUMENTS\VISUAL STUDIO 2010\PROJECTS\C++\BACKTRACKING\COLORAREA HARTII\COLORAREA HARTII\DEBUG\COLORAREA HARTII.OBJ
C:\USERS\ALEXANDRU DINU\DOCUMENTS\VISUAL STUDIO 2010\PROJECTS\C++\BACKTRACKING\COLORAREA HARTII\DEBUG\COLORAREA HARTII.ILK
C:\USERS\ALEXANDRU DINU\DOCUMENTS\VISUAL STUDIO 2010\PROJECTS\C++\BACKTRACKING\COLORAREA HARTII\DEBUG\COLORAREA HARTII.EXE
C:\USERS\ALEXANDRU DINU\DOCUMENTS\VISUAL STUDIO 2010\PROJECTS\C++\BACKTRACKING\COLORAREA HARTII\COLORAREA HARTII\DEBUG\COLORAREA HARTII.EXE.INTERMEDIATE.MANIFEST
C:\USERS\ALEXANDRU DINU\DOCUMENTS\VISUAL STUDIO 2010\PROJECTS\C++\BACKTRACKING\COLORAREA HARTII\DEBUG\COLORAREA HARTII.PDB
C:\USERS\ALEXANDRU DINU\DOCUMENTS\VISUAL STUDIO 2010\PROJECTS\C++\BACKTRACKING\COLORAREA HARTII\COLORAREA HARTII\DEBUG\APP.RES
C:\Users\Alex\Documents\Visual Studio 2012\Projects\C++\Backtracking\Colorarea hartii\Colorarea hartii\Debug\Colorarea hartii.vcxprojResolveAssemblyReference.cache
C:\Users\Alex\Documents\Visual Studio 2012\Projects\C++\Backtracking\Colorarea hartii\Colorarea hartii\Debug\.NETFramework,Version=v4.0.AssemblyAttributes.obj
C:\Users\Alex\Documents\Visual Studio 2012\Projects\C++\Backtracking\Colorarea hartii\Colorarea hartii\Debug\AssemblyInfo.obj
C:\Users\Alex\Documents\Visual Studio 2012\Projects\C++\Backtracking\Colorarea hartii\Colorarea hartii\Debug\Colorarea hartii.obj
C:\Users\Alex\Documents\Visual Studio 2012\Projects\C++\Backtracking\Colorarea hartii\Colorarea hartii\Debug\stdafx.obj
C:\Users\Alex\Documents\Visual Studio 2012\Projects\C++\Backtracking\Colorarea hartii\Colorarea hartii\Debug\cl.command.1.tlog
C:\Users\Alex\Documents\Visual Studio 2012\Projects\C++\Backtracking\Colorarea hartii\Colorarea hartii\Debug\CL.read.1.tlog
C:\Users\Alex\Documents\Visual Studio 2012\Projects\C++\Backtracking\Colorarea hartii\Colorarea hartii\Debug\CL.write.1.tlog
C:\Users\Alex\Documents\Visual Studio 2012\Projects\C++\Backtracking\Colorarea hartii\Colorarea hartii\Debug\Colorarea hartii.write.1.tlog
C:\Users\Alex\Documents\Visual Studio 2012\Projects\C++\Backtracking\Colorarea hartii\Colorarea hartii\Debug\link.204-cvtres.read.1.tlog
C:\Users\Alex\Documents\Visual Studio 2012\Projects\C++\Backtracking\Colorarea hartii\Colorarea hartii\Debug\link.204-cvtres.write.1.tlog
C:\Users\Alex\Documents\Visual Studio 2012\Projects\C++\Backtracking\Colorarea hartii\Colorarea hartii\Debug\link.204.read.1.tlog
C:\Users\Alex\Documents\Visual Studio 2012\Projects\C++\Backtracking\Colorarea hartii\Colorarea hartii\Debug\link.204.write.1.tlog
C:\Users\Alex\Documents\Visual Studio 2012\Projects\C++\Backtracking\Colorarea hartii\Colorarea hartii\Debug\link.2648-cvtres.read.1.tlog
C:\Users\Alex\Documents\Visual Studio 2012\Projects\C++\Backtracking\Colorarea hartii\Colorarea hartii\Debug\link.2648-cvtres.write.1.tlog
C:\Users\Alex\Documents\Visual Studio 2012\Projects\C++\Backtracking\Colorarea hartii\Colorarea hartii\Debug\link.2648.read.1.tlog
C:\Users\Alex\Documents\Visual Studio 2012\Projects\C++\Backtracking\Colorarea hartii\Colorarea hartii\Debug\link.2648.write.1.tlog
C:\Users\Alex\Documents\Visual Studio 2012\Projects\C++\Backtracking\Colorarea hartii\Colorarea hartii\Debug\link.3140-cvtres.read.1.tlog
C:\Users\Alex\Documents\Visual Studio 2012\Projects\C++\Backtracking\Colorarea hartii\Colorarea hartii\Debug\link.3140-cvtres.write.1.tlog
C:\Users\Alex\Documents\Visual Studio 2012\Projects\C++\Backtracking\Colorarea hartii\Colorarea hartii\Debug\link.3140.read.1.tlog
C:\Users\Alex\Documents\Visual Studio 2012\Projects\C++\Backtracking\Colorarea hartii\Colorarea hartii\Debug\link.3140.write.1.tlog
C:\Users\Alex\Documents\Visual Studio 2012\Projects\C++\Backtracking\Colorarea hartii\Colorarea hartii\Debug\link.3464-cvtres.read.1.tlog
C:\Users\Alex\Documents\Visual Studio 2012\Projects\C++\Backtracking\Colorarea hartii\Colorarea hartii\Debug\link.3464-cvtres.write.1.tlog
C:\Users\Alex\Documents\Visual Studio 2012\Projects\C++\Backtracking\Colorarea hartii\Colorarea hartii\Debug\link.3464.read.1.tlog
C:\Users\Alex\Documents\Visual Studio 2012\Projects\C++\Backtracking\Colorarea hartii\Colorarea hartii\Debug\link.3464.write.1.tlog
C:\Users\Alex\Documents\Visual Studio 2012\Projects\C++\Backtracking\Colorarea hartii\Colorarea hartii\Debug\link.4472-cvtres.read.1.tlog
C:\Users\Alex\Documents\Visual Studio 2012\Projects\C++\Backtracking\Colorarea hartii\Colorarea hartii\Debug\link.4472-cvtres.write.1.tlog
C:\Users\Alex\Documents\Visual Studio 2012\Projects\C++\Backtracking\Colorarea hartii\Colorarea hartii\Debug\link.4472.read.1.tlog
C:\Users\Alex\Documents\Visual Studio 2012\Projects\C++\Backtracking\Colorarea hartii\Colorarea hartii\Debug\link.4472.write.1.tlog
C:\Users\Alex\Documents\Visual Studio 2012\Projects\C++\Backtracking\Colorarea hartii\Colorarea hartii\Debug\link.4532-cvtres.read.1.tlog
C:\Users\Alex\Documents\Visual Studio 2012\Projects\C++\Backtracking\Colorarea hartii\Colorarea hartii\Debug\link.4532-cvtres.write.1.tlog
C:\Users\Alex\Documents\Visual Studio 2012\Projects\C++\Backtracking\Colorarea hartii\Colorarea hartii\Debug\link.4532.read.1.tlog
C:\Users\Alex\Documents\Visual Studio 2012\Projects\C++\Backtracking\Colorarea hartii\Colorarea hartii\Debug\link.4532.write.1.tlog
C:\Users\Alex\Documents\Visual Studio 2012\Projects\C++\Backtracking\Colorarea hartii\Colorarea hartii\Debug\link.5124-cvtres.read.1.tlog
C:\Users\Alex\Documents\Visual Studio 2012\Projects\C++\Backtracking\Colorarea hartii\Colorarea hartii\Debug\link.5124-cvtres.write.1.tlog
C:\Users\Alex\Documents\Visual Studio 2012\Projects\C++\Backtracking\Colorarea hartii\Colorarea hartii\Debug\link.5124.read.1.tlog
C:\Users\Alex\Documents\Visual Studio 2012\Projects\C++\Backtracking\Colorarea hartii\Colorarea hartii\Debug\link.5124.write.1.tlog
C:\Users\Alex\Documents\Visual Studio 2012\Projects\C++\Backtracking\Colorarea hartii\Colorarea hartii\Debug\link.5444-cvtres.read.1.tlog
C:\Users\Alex\Documents\Visual Studio 2012\Projects\C++\Backtracking\Colorarea hartii\Colorarea hartii\Debug\link.5444-cvtres.write.1.tlog
C:\Users\Alex\Documents\Visual Studio 2012\Projects\C++\Backtracking\Colorarea hartii\Colorarea hartii\Debug\link.5444.read.1.tlog
C:\Users\Alex\Documents\Visual Studio 2012\Projects\C++\Backtracking\Colorarea hartii\Colorarea hartii\Debug\link.5444.write.1.tlog
C:\Users\Alex\Documents\Visual Studio 2012\Projects\C++\Backtracking\Colorarea hartii\Colorarea hartii\Debug\link.8652-cvtres.read.1.tlog
C:\Users\Alex\Documents\Visual Studio 2012\Projects\C++\Backtracking\Colorarea hartii\Colorarea hartii\Debug\link.8652-cvtres.write.1.tlog
C:\Users\Alex\Documents\Visual Studio 2012\Projects\C++\Backtracking\Colorarea hartii\Colorarea hartii\Debug\link.8652.read.1.tlog
C:\Users\Alex\Documents\Visual Studio 2012\Projects\C++\Backtracking\Colorarea hartii\Colorarea hartii\Debug\link.8652.write.1.tlog
C:\Users\Alex\Documents\Visual Studio 2012\Projects\C++\Backtracking\Colorarea hartii\Colorarea hartii\Debug\link.8996-cvtres.read.1.tlog
C:\Users\Alex\Documents\Visual Studio 2012\Projects\C++\Backtracking\Colorarea hartii\Colorarea hartii\Debug\link.8996-cvtres.write.1.tlog
C:\Users\Alex\Documents\Visual Studio 2012\Projects\C++\Backtracking\Colorarea hartii\Colorarea hartii\Debug\link.8996.read.1.tlog
C:\Users\Alex\Documents\Visual Studio 2012\Projects\C++\Backtracking\Colorarea hartii\Colorarea hartii\Debug\link.8996.write.1.tlog
C:\Users\Alex\Documents\Visual Studio 2012\Projects\C++\Backtracking\Colorarea hartii\Colorarea hartii\Debug\link.command.1.tlog
C:\Users\Alex\Documents\Visual Studio 2012\Projects\C++\Backtracking\Colorarea hartii\Colorarea hartii\Debug\link.read.1.tlog
C:\Users\Alex\Documents\Visual Studio 2012\Projects\C++\Backtracking\Colorarea hartii\Colorarea hartii\Debug\link.write.1.tlog
C:\Users\Alex\Documents\Visual Studio 2012\Projects\C++\Backtracking\Colorarea hartii\Colorarea hartii\Debug\metagen.read.1.tlog
C:\Users\Alex\Documents\Visual Studio 2012\Projects\C++\Backtracking\Colorarea hartii\Colorarea hartii\Debug\metagen.write.1.tlog
C:\Users\Alex\Documents\Visual Studio 2012\Projects\C++\Backtracking\Colorarea hartii\Colorarea hartii\Debug\mt.command.1.tlog
C:\Users\Alex\Documents\Visual Studio 2012\Projects\C++\Backtracking\Colorarea hartii\Colorarea hartii\Debug\mt.read.1.tlog
C:\Users\Alex\Documents\Visual Studio 2012\Projects\C++\Backtracking\Colorarea hartii\Colorarea hartii\Debug\mt.write.1.tlog
C:\Users\Alex\Documents\Visual Studio 2012\Projects\C++\Backtracking\Colorarea hartii\Colorarea hartii\Debug\rc.command.1.tlog
C:\Users\Alex\Documents\Visual Studio 2012\Projects\C++\Backtracking\Colorarea hartii\Colorarea hartii\Debug\rc.read.1.tlog
C:\Users\Alex\Documents\Visual Studio 2012\Projects\C++\Backtracking\Colorarea hartii\Colorarea hartii\Debug\rc.write.1.tlog
C:\Users\Alex\Documents\Visual Studio 2012\Projects\C++\Backtracking\Colorarea hartii\Colorarea hartii\Debug\Colorarea hartii.exe.intermediate.manifest
C:\Users\Alex\Documents\Visual Studio 2012\Projects\C++\Backtracking\Colorarea hartii\Colorarea hartii\Debug\app.res
C:\Users\Alex\Documents\Visual Studio 2012\Projects\C++\Backtracking\Colorarea hartii\Colorarea hartii\Debug\Colorarea hartii.pch
C:\Users\Alex\Documents\Visual Studio 2012\Projects\C++\Backtracking\Colorarea hartii\Colorarea hartii\Debug\vc100.pdb
C:\Users\Alex\Documents\Visual Studio 2012\Projects\C++\Backtracking\Colorarea hartii\Colorarea hartii\Debug\RSAENH.DLL.bi
C:\Users\Alex\Documents\Visual Studio 2012\Projects\C++\Backtracking\Colorarea hartii\Colorarea hartii\Debug\TZRES.DLL.bi
C:\Users\Alex\Documents\Visual Studio 2012\Projects\C++\Backtracking\Colorarea hartii\Debug\Colorarea hartii.pdb
C:\Users\Alex\Documents\Visual Studio 2012\Projects\C++\Backtracking\Colorarea hartii\Debug\Colorarea hartii.exe
C:\Users\Alex\Documents\Visual Studio 2012\Projects\C++\Backtracking\Colorarea hartii\Debug\Colorarea hartii.ilk
