4 281 231 117 141
4 161 234 4 169
4 228 15 131 102
4 296 63 1 226
4 209 104 245 298
3 206 205 257
4 256 18 84 264
4 193 43 157 282
4 290 143 54 138
4 93 255 22 88
4 13 253 150 258
3 95 87 221
2 278 72
3 35 164 103
2 149 176
3 224 126 268
3 266 241 119
3 123 198 243
3 127 16 99
3 61 240 223
3 113 29 254
3 201 279 178
3 14 249 292
3 3 100 90
3 30 70 94
3 250 180 293
3 170 8 202
2 132 191
3 196 155 69
3 252 111 244
3 177 34 56
2 192 130
3 45 124 142
1 175
3 59 89 12
2 7 153
3 136 174 246
3 215 235 216
3 0 225 267
3 75 287 145
2 140 2
3 248 260 49
3 58 85 280
3 27 168 134
3 105 289 212
3 82 237 147
3 273 229 37
3 24 6 270
3 186 51 199
3 121 261 106
3 108 194 28
3 139 76 57
2 152 247
3 182 65 125
3 214 197 25
3 233 33 251
3 109 203 74
3 283 295 52
3 44 128 112
3 173 92 53
3 107 96 236
3 67 263 23
3 146 291 188
3 115 286 211
3 242 208 200
3 294 162 77
3 60 79 271
3 163 259 31
3 238 80 220
3 227 137 9
3 68 213 110
3 148 219 195
3 78 204 144
3 171 160 285
3 21 71 185
3 101 47 274
2 189 165
3 62 20 135
3 66 207 275
3 55 284 11
3 230 158 36
3 98 83 114
3 172 183 17
3 218 262 269
3 167 299 32
3 265 19 38
3 272 97 187
3 122 120 276
3 156 184 81
3 91 159 41
3 133 151 232
3 26 64 10
3 5 50 179
3 154 190 166
3 210 40 181
3 222 118 48
3 39 86 297
3 129 217 46
3 277 73 42
3 288 239 116
