3 6520 7985 2982
3 262 9670 7992
3 9702 9105 577
1 2007
2 9099 5393
2 4144 3299
2 7904 4772
2 2343 124
2 5317 8875
2 4898 2090
2 8452 2594
2 7329 731
2 6363 3347
2 5864 5419
2 2693 3126
2 1480 9407
2 5739 210
2 6072 2449
2 7003 4987
2 8606 4808
2 7882 5755
2 8070 7341
2 2298 6804
2 3905 4021
2 7314 3365
2 2491 7524
2 2735 1332
2 6462 8041
2 7028 4203
2 881 3831
2 39 816
2 9509 6324
2 3187 1322
2 3864 9600
2 8038 9169
2 6830 168
2 5437 8500
2 4998 5202
2 6362 1858
2 8160 2442
2 8991 8170
2 3134 6788
2 1817 6547
2 3198 995
2 4303 9028
2 4996 2542
2 6548 8441
2 8732 3555
2 9503 8216
2 9011 4151
2 2881 1453
2 9764 7449
2 7182 2638
2 605 4072
2 1107 4802
1 6834
2 2605 6578
2 6740 694
2 558 4123
2 2288 9750
2 9624 3728
2 7476 6193
2 6382 7491
2 6581 8640
2 1773 7241
2 7280 1991
2 8239 4230
2 2204 8411
2 7347 5250
2 7966 3191
2 3508 7930
2 5156 5511
2 5763 6494
2 1721 2254
1 2134
2 264 6192
2 7373 7725
2 8464 7560
2 928 1138
1 2591
2 5426 1204
2 4924 2699
2 9489 9231
2 4301 2110
2 8721 5995
2 4087 5757
2 9100 2194
2 9897 732
2 5377 733
2 9444 1292
2 5321 6227
2 6724 50
2 134 4517
2 3887 9962
2 2787 8739
2 4532 1965
1 3491
2 2984 7411
2 613 5821
2 9751 2283
2 1071 5552
2 4450 3767
2 1594 3371
2 854 5914
2 4184 2286
2 7318 5049
2 3311 2420
2 288 7605
2 3265 6807
2 5625 4901
2 3962 9566
2 8885 7389
2 129 8228
2 8667 2778
2 698 3926
2 3877 8946
2 723 2061
2 1680 2367
2 1725 7701
2 6169 7839
2 8893 4570
2 9451 7194
2 5679 2767
2 4029 7843
2 5997 4745
2 3705 6630
2 1374 6069
2 4135 9867
2 8625 30
2 3256 4786
2 3625 8005
2 631 7215
2 2147 6474
2 6526 7306
2 3215 1764
2 7196 3119
2 2692 4531
2 8565 742
2 5593 4232
2 1188 2768
2 619 8643
2 2122 5358
2 8749 4902
1 1545
2 103 3493
2 8786 4330
2 3630 3598
2 5452 921
2 4148 9070
2 7387 4514
2 1666 9706
2 2918 3247
2 5151 5042
2 2499 3389
2 5833 8058
2 205 4976
2 2959 4181
2 8868 3483
2 5260 4165
2 9663 2850
2 3828 840
2 4647 5942
2 3163 5953
2 7892 1877
2 2863 8257
2 8048 1654
2 1691 5961
2 6108 6163
2 5604 2948
2 2261 2804
2 4220 2708
2 5950 7259
2 7205 6335
2 2382 3327
2 5424 9318
2 171 6485
2 6514 8975
2 5072 9325
2 9447 3660
2 2082 2629
2 8046 1415
1 7937
2 4942 1653
2 2112 5550
2 6181 9437
2 8167 9327
2 9097 3239
2 8736 4597
2 6689 1624
2 6935 1315
2 6102 7897
2 380 5500
2 1586 6545
2 2379 4951
2 7253 5748
2 3749 6933
2 1816 9309
2 3061 6646
2 2512 8186
2 2662 8432
2 2272 8417
2 5619 8446
2 2242 2142
2 7970 5472
2 9944 397
2 8244 5988
2 2344 692
2 8124 3670
2 3090 9329
2 5505 176
1 8402
2 2198 442
2 3117 3395
2 3173 4660
2 5481 7184
2 1572 5112
2 7293 5697
2 1286 5436
2 1119 2128
2 8745 6078
2 8762 3229
2 6145 3683
2 4735 8494
2 6012 7020
2 1486 6896
2 8767 975
2 6480 6314
2 2119 2571
2 946 674
2 7322 996
2 654 4119
2 2806 6993
2 2978 3977
2 4884 4581
2 447 9106
2 2741 5214
2 4163 1178
2 5895 1450
2 9788 4828
2 4460 3120
2 448 7597
2 2522 7157
2 7798 3384
2 3330 939
2 3548 3433
2 3982 795
2 9689 6079
2 9967 5744
2 3206 1935
2 3940 509
2 5674 2236
2 19 962
2 1554 6952
2 1908 417
2 8353 1222
2 1155 427
2 4340 9518
2 7501 1125
2 7181 887
2 938 1257
2 3139 7168
2 3091 4712
2 4575 2763
2 1057 4611
2 1989 4848
2 9586 3796
2 3487 5590
2 6792 242
2 7787 4167
2 8016 7071
2 9455 8277
2 7105 9844
2 7345 6523
2 6729 1553
2 1823 7922
2 2289 8034
2 6495 2047
2 7394 4852
2 8525 5713
2 8156 9674
2 5626 8658
2 4306 2327
2 5664 3013
2 9979 1846
2 4572 7689
2 1433 5382
2 3310 9244
2 6491 8010
2 1934 3703
2 4872 4094
2 8458 5885
2 8784 6564
2 9144 9333
2 2646 9568
2 7228 8838
2 6 2181
1 4127
2 7487 1617
2 1041 863
2 3337 9487
2 1270 900
2 4944 6228
2 8785 3743
1 1367
2 4249 2537
2 6470 4245
2 1459 8595
2 5044 4376
2 5694 1048
2 7653 5416
2 3980 5510
2 7431 9627
2 7438 3268
2 8272 9235
2 2517 8852
2 7741 1092
2 2721 3000
2 9814 1158
2 7285 8291
2 1975 2117
2 9648 5046
2 964 9473
2 8655 2069
2 825 2077
2 3359 7809
2 6902 4362
2 7711 6786
2 54 8003
2 9880 8115
2 8251 3504
2 9220 4309
2 3801 2056
2 6621 4218
1 6467
2 5490 2698
2 164 5172
2 1216 7496
2 4810 1722
2 4054 1661
2 6131 9960
2 6365 9686
2 7563 735
2 3213 4447
2 7133 7320
2 7536 8318
2 8683 4250
1 8718
2 2018 2891
2 9158 5192
2 9780 8106
2 9657 6752
2 7267 2284
2 1215 7921
2 2316 3607
2 3721 9492
2 6055 6105
2 6281 6571
2 4673 3059
2 6353 4869
2 7460 2030
2 539 3354
2 355 4342
2 3795 4689
2 7146 907
2 8395 8152
2 5908 6917
2 3515 8274
2 3694 6154
2 204 4488
2 396 2714
2 4074 5940
2 9919 1010
2 446 1930
2 7833 5150
2 8087 8548
2 4624 685
2 4189 1576
2 9742 7806
2 2193 2352
2 9540 4949
2 5758 3719
2 5794 1143
2 8150 2898
2 8248 214
2 461 1086
2 5136 3608
2 7817 3701
2 6207 6349
2 2269 5658
2 6530 8357
2 3868 559
2 3733 7846
2 5898 1289
2 4298 5659
2 81 8204
2 2400 8905
2 6692 3269
2 738 3086
2 1209 7239
2 8672 8374
