c:\users\alexandru dinu\documents\visual studio 2010\projects\c++\backtracking\aranjamente recursiv\aranjamente recursiv\debug\aranjamente recursiv.pch
c:\users\alexandru dinu\documents\visual studio 2010\projects\c++\backtracking\aranjamente recursiv\aranjamente recursiv\debug\stdafx.obj
c:\users\alexandru dinu\documents\visual studio 2010\projects\c++\backtracking\aranjamente recursiv\aranjamente recursiv\debug\vc100.pdb
c:\users\alexandru dinu\documents\visual studio 2010\projects\c++\backtracking\aranjamente recursiv\aranjamente recursiv\debug\assemblyinfo.obj
c:\users\alexandru dinu\documents\visual studio 2010\projects\c++\backtracking\aranjamente recursiv\aranjamente recursiv\debug\aranjamente recursiv.obj
c:\users\alexandru dinu\documents\visual studio 2010\projects\c++\backtracking\aranjamente recursiv\aranjamente recursiv\debug\.netframework,version=v4.0.assemblyattributes.obj
c:\users\alexandru dinu\documents\visual studio 2010\projects\c++\backtracking\aranjamente recursiv\debug\aranjamente recursiv.ilk
c:\users\alexandru dinu\documents\visual studio 2010\projects\c++\backtracking\aranjamente recursiv\debug\aranjamente recursiv.exe
c:\users\alexandru dinu\documents\visual studio 2010\projects\c++\backtracking\aranjamente recursiv\aranjamente recursiv\debug\aranjamente recursiv.exe.intermediate.manifest
c:\users\alexandru dinu\documents\visual studio 2010\projects\c++\backtracking\aranjamente recursiv\debug\aranjamente recursiv.pdb
c:\users\alexandru dinu\documents\visual studio 2010\projects\c++\backtracking\aranjamente recursiv\aranjamente recursiv\debug\app.res
h:\programming\c++\backtracking\aranjamente recursiv\aranjamente recursiv\debug\aranjamente recursiv.pch
h:\programming\c++\backtracking\aranjamente recursiv\aranjamente recursiv\debug\vc120.pdb
h:\programming\c++\backtracking\aranjamente recursiv\aranjamente recursiv\debug\stdafx.obj
h:\programming\c++\backtracking\aranjamente recursiv\aranjamente recursiv\debug\assemblyinfo.obj
h:\programming\c++\backtracking\aranjamente recursiv\aranjamente recursiv\debug\aranjamente recursiv.obj
h:\programming\c++\backtracking\aranjamente recursiv\aranjamente recursiv\debug\.netframework,version=v4.5.assemblyattributes.obj
h:\programming\c++\backtracking\aranjamente recursiv\aranjamente recursiv\debug\app.res
h:\programming\c++\backtracking\aranjamente recursiv\aranjamente recursiv\debug\aranjamente recursiv.vcxprojresolveassemblyreference.cache
h:\programming\c++\backtracking\aranjamente recursiv\aranjamente recursiv\debug\.netframework,version=v4.0.assemblyattributes.obj
h:\programming\c++\backtracking\aranjamente recursiv\aranjamente recursiv\debug\aranjamente recursiv.write.1.tlog
h:\programming\c++\backtracking\aranjamente recursiv\aranjamente recursiv\debug\cl.command.1.tlog
h:\programming\c++\backtracking\aranjamente recursiv\aranjamente recursiv\debug\cl.read.1.tlog
h:\programming\c++\backtracking\aranjamente recursiv\aranjamente recursiv\debug\cl.write.1.tlog
h:\programming\c++\backtracking\aranjamente recursiv\aranjamente recursiv\debug\link.10136-cvtres.read.1.tlog
h:\programming\c++\backtracking\aranjamente recursiv\aranjamente recursiv\debug\link.10136-cvtres.write.1.tlog
h:\programming\c++\backtracking\aranjamente recursiv\aranjamente recursiv\debug\link.10136.read.1.tlog
h:\programming\c++\backtracking\aranjamente recursiv\aranjamente recursiv\debug\link.10136.write.1.tlog
h:\programming\c++\backtracking\aranjamente recursiv\aranjamente recursiv\debug\link.11864-cvtres.read.1.tlog
h:\programming\c++\backtracking\aranjamente recursiv\aranjamente recursiv\debug\link.11864-cvtres.write.1.tlog
h:\programming\c++\backtracking\aranjamente recursiv\aranjamente recursiv\debug\link.11864.read.1.tlog
h:\programming\c++\backtracking\aranjamente recursiv\aranjamente recursiv\debug\link.11864.write.1.tlog
h:\programming\c++\backtracking\aranjamente recursiv\aranjamente recursiv\debug\link.6916-cvtres.read.1.tlog
h:\programming\c++\backtracking\aranjamente recursiv\aranjamente recursiv\debug\link.6916-cvtres.write.1.tlog
h:\programming\c++\backtracking\aranjamente recursiv\aranjamente recursiv\debug\link.6916.read.1.tlog
h:\programming\c++\backtracking\aranjamente recursiv\aranjamente recursiv\debug\link.6916.write.1.tlog
h:\programming\c++\backtracking\aranjamente recursiv\aranjamente recursiv\debug\link.8248-cvtres.read.1.tlog
h:\programming\c++\backtracking\aranjamente recursiv\aranjamente recursiv\debug\link.8248-cvtres.write.1.tlog
h:\programming\c++\backtracking\aranjamente recursiv\aranjamente recursiv\debug\link.8248.read.1.tlog
h:\programming\c++\backtracking\aranjamente recursiv\aranjamente recursiv\debug\link.8248.write.1.tlog
h:\programming\c++\backtracking\aranjamente recursiv\aranjamente recursiv\debug\link.command.1.tlog
h:\programming\c++\backtracking\aranjamente recursiv\aranjamente recursiv\debug\link.read.1.tlog
h:\programming\c++\backtracking\aranjamente recursiv\aranjamente recursiv\debug\link.write.1.tlog
h:\programming\c++\backtracking\aranjamente recursiv\aranjamente recursiv\debug\metagen.read.1.tlog
h:\programming\c++\backtracking\aranjamente recursiv\aranjamente recursiv\debug\metagen.write.1.tlog
h:\programming\c++\backtracking\aranjamente recursiv\aranjamente recursiv\debug\mt.command.1.tlog
h:\programming\c++\backtracking\aranjamente recursiv\aranjamente recursiv\debug\mt.read.1.tlog
h:\programming\c++\backtracking\aranjamente recursiv\aranjamente recursiv\debug\mt.write.1.tlog
h:\programming\c++\backtracking\aranjamente recursiv\aranjamente recursiv\debug\rc.command.1.tlog
h:\programming\c++\backtracking\aranjamente recursiv\aranjamente recursiv\debug\rc.read.1.tlog
h:\programming\c++\backtracking\aranjamente recursiv\aranjamente recursiv\debug\rc.write.1.tlog
h:\programming\c++\backtracking\aranjamente recursiv\aranjamente recursiv\debug\aranjamente recursiv.exe.intermediate.manifest
h:\programming\c++\backtracking\aranjamente recursiv\aranjamente recursiv\debug\vc100.pdb
h:\programming\c++\backtracking\aranjamente recursiv\aranjamente recursiv\debug\rsaenh.dll.bi
h:\programming\c++\backtracking\aranjamente recursiv\aranjamente recursiv\debug\tzres.dll.bi
h:\programming\c++\backtracking\aranjamente recursiv\debug\aranjamente recursiv.pdb
h:\programming\c++\backtracking\aranjamente recursiv\aranjamente recursiv\debug\aranjame.f2f06e12.tlog\cl.command.1.tlog
h:\programming\c++\backtracking\aranjamente recursiv\aranjamente recursiv\debug\aranjame.f2f06e12.tlog\cl.read.1.tlog
h:\programming\c++\backtracking\aranjamente recursiv\aranjamente recursiv\debug\aranjame.f2f06e12.tlog\cl.write.1.tlog
h:\programming\c++\backtracking\aranjamente recursiv\aranjamente recursiv\debug\aranjame.f2f06e12.tlog\link.5908-cvtres.read.1.tlog
h:\programming\c++\backtracking\aranjamente recursiv\aranjamente recursiv\debug\aranjame.f2f06e12.tlog\link.5908-cvtres.write.1.tlog
h:\programming\c++\backtracking\aranjamente recursiv\aranjamente recursiv\debug\aranjame.f2f06e12.tlog\link.5908-rc.read.1.tlog
h:\programming\c++\backtracking\aranjamente recursiv\aranjamente recursiv\debug\aranjame.f2f06e12.tlog\link.5908-rc.write.1.tlog
h:\programming\c++\backtracking\aranjamente recursiv\aranjamente recursiv\debug\aranjame.f2f06e12.tlog\link.5908.read.1.tlog
h:\programming\c++\backtracking\aranjamente recursiv\aranjamente recursiv\debug\aranjame.f2f06e12.tlog\link.5908.write.1.tlog
h:\programming\c++\backtracking\aranjamente recursiv\aranjamente recursiv\debug\aranjame.f2f06e12.tlog\link.command.1.tlog
h:\programming\c++\backtracking\aranjamente recursiv\aranjamente recursiv\debug\aranjame.f2f06e12.tlog\link.read.1.tlog
h:\programming\c++\backtracking\aranjamente recursiv\aranjamente recursiv\debug\aranjame.f2f06e12.tlog\link.write.1.tlog
h:\programming\c++\backtracking\aranjamente recursiv\aranjamente recursiv\debug\aranjame.f2f06e12.tlog\metagen.read.1.tlog
h:\programming\c++\backtracking\aranjamente recursiv\aranjamente recursiv\debug\aranjame.f2f06e12.tlog\metagen.write.1.tlog
h:\programming\c++\backtracking\aranjamente recursiv\aranjamente recursiv\debug\aranjame.f2f06e12.tlog\rc.command.1.tlog
h:\programming\c++\backtracking\aranjamente recursiv\aranjamente recursiv\debug\aranjame.f2f06e12.tlog\rc.read.1.tlog
h:\programming\c++\backtracking\aranjamente recursiv\aranjamente recursiv\debug\aranjame.f2f06e12.tlog\rc.write.1.tlog
h:\programming\c++\backtracking\aranjamente recursiv\aranjamente recursiv\debug\aranjame.f2f06e12.tlog\tzres.dll.bi
