c:\users\alexandru\documents\visual studio 2013\projects\c++\divide et impera\divide et impera\debug\divide et impera.pch
c:\users\alexandru\documents\visual studio 2013\projects\c++\divide et impera\divide et impera\debug\vc120.pdb
c:\users\alexandru\documents\visual studio 2013\projects\c++\divide et impera\divide et impera\debug\stdafx.obj
c:\users\alexandru\documents\visual studio 2013\projects\c++\divide et impera\divide et impera\debug\divide et impera.obj
c:\users\alexandru\documents\visual studio 2013\projects\c++\divide et impera\divide et impera\debug\assemblyinfo.obj
c:\users\alexandru\documents\visual studio 2013\projects\c++\divide et impera\divide et impera\debug\.netframework,version=v4.5.assemblyattributes.obj
c:\users\alexandru\documents\visual studio 2013\projects\c++\divide et impera\debug\divide et impera.exe
c:\users\alexandru\documents\visual studio 2013\projects\c++\divide et impera\debug\divide et impera.pdb
c:\users\alexandru\documents\visual studio 2013\projects\c++\divide et impera\divide et impera\debug\app.res
c:\users\alexandru\documents\visual studio 2013\projects\c++\divide et impera\divide et impera\debug\divide et impera.vcxprojresolveassemblyreference.cache
c:\users\alexandru\documents\visual studio 2013\projects\c++\divide et impera\divide et impera\debug\divide et impera.tlog\cl.command.1.tlog
c:\users\alexandru\documents\visual studio 2013\projects\c++\divide et impera\divide et impera\debug\divide et impera.tlog\cl.read.1.tlog
c:\users\alexandru\documents\visual studio 2013\projects\c++\divide et impera\divide et impera\debug\divide et impera.tlog\cl.write.1.tlog
c:\users\alexandru\documents\visual studio 2013\projects\c++\divide et impera\divide et impera\debug\divide et impera.tlog\link.command.1.tlog
c:\users\alexandru\documents\visual studio 2013\projects\c++\divide et impera\divide et impera\debug\divide et impera.tlog\link.read.1.tlog
c:\users\alexandru\documents\visual studio 2013\projects\c++\divide et impera\divide et impera\debug\divide et impera.tlog\link.write.1.tlog
c:\users\alexandru\documents\visual studio 2013\projects\c++\divide et impera\divide et impera\debug\divide et impera.tlog\metagen.read.1.tlog
c:\users\alexandru\documents\visual studio 2013\projects\c++\divide et impera\divide et impera\debug\divide et impera.tlog\metagen.write.1.tlog
c:\users\alexandru\documents\visual studio 2013\projects\c++\divide et impera\divide et impera\debug\divide et impera.tlog\rc.command.1.tlog
c:\users\alexandru\documents\visual studio 2013\projects\c++\divide et impera\divide et impera\debug\divide et impera.tlog\rc.read.1.tlog
c:\users\alexandru\documents\visual studio 2013\projects\c++\divide et impera\divide et impera\debug\divide et impera.tlog\rc.write.1.tlog
c:\users\alexandru\documents\visual studio 2013\projects\c++\divide et impera\divide et impera\debug\divide et impera.tlog\tzres.dll.bi
